<?xml version="1.0" encoding="UTF-8"?>
<coverage generated="1775273511227" clover="3.2.0">
  <project timestamp="1775273511227" name="All files">
    <metrics statements="523" coveredstatements="486" conditionals="289" coveredconditionals="226" methods="106" coveredmethods="96" elements="918" coveredelements="808" complexity="0" loc="523" ncloc="523" packages="3" files="12" classes="12"/>
    <package name="__tests__.fixtures">
      <metrics statements="161" coveredstatements="161" conditionals="5" coveredconditionals="5" methods="13" coveredmethods="13"/>
      <file name="teamFixtures.ts" path="/Users/george/TeamBuilder/team-builder/src/__tests__/fixtures/teamFixtures.ts">
        <metrics statements="31" coveredstatements="31" conditionals="5" coveredconditionals="5" methods="9" coveredmethods="9"/>
        <line num="7" count="84" type="stmt"/>
        <line num="21" count="348" type="stmt"/>
        <line num="37" count="78" type="stmt"/>
        <line num="48" count="7" type="stmt"/>
        <line num="56" count="38" type="stmt"/>
        <line num="67" count="6" type="stmt"/>
        <line num="76" count="6" type="stmt"/>
        <line num="85" count="6" type="stmt"/>
        <line num="94" count="6" type="stmt"/>
        <line num="103" count="6" type="stmt"/>
        <line num="112" count="6" type="stmt"/>
        <line num="121" count="6" type="stmt"/>
        <line num="130" count="6" type="stmt"/>
        <line num="139" count="6" type="stmt"/>
        <line num="150" count="6" type="stmt"/>
        <line num="151" count="6" type="stmt"/>
        <line num="152" count="6" type="stmt"/>
        <line num="153" count="6" type="stmt"/>
        <line num="154" count="6" type="stmt"/>
        <line num="155" count="6" type="stmt"/>
        <line num="156" count="6" type="stmt"/>
        <line num="157" count="6" type="stmt"/>
        <line num="158" count="6" type="stmt"/>
        <line num="159" count="6" type="stmt"/>
        <line num="160" count="6" type="stmt"/>
        <line num="161" count="6" type="stmt"/>
        <line num="162" count="6" type="stmt"/>
        <line num="167" count="12" type="stmt"/>
        <line num="171" count="1" type="stmt"/>
        <line num="172" count="1" type="stmt"/>
        <line num="183" count="3" type="stmt"/>
      </file>
      <file name="typeMatrix.ts" path="/Users/george/TeamBuilder/team-builder/src/__tests__/fixtures/typeMatrix.ts">
        <metrics statements="130" coveredstatements="130" conditionals="0" coveredconditionals="0" methods="4" coveredmethods="4"/>
        <line num="10" count="2" type="stmt"/>
        <line num="16" count="2" type="stmt"/>
        <line num="19" count="2" type="stmt"/>
        <line num="20" count="36" type="stmt"/>
        <line num="21" count="36" type="stmt"/>
        <line num="22" count="648" type="stmt"/>
        <line num="27" count="2" type="stmt"/>
        <line num="28" count="240" type="stmt"/>
        <line num="32" count="2" type="stmt"/>
        <line num="33" count="2" type="stmt"/>
        <line num="36" count="2" type="stmt"/>
        <line num="37" count="2" type="stmt"/>
        <line num="38" count="2" type="stmt"/>
        <line num="39" count="2" type="stmt"/>
        <line num="40" count="2" type="stmt"/>
        <line num="41" count="2" type="stmt"/>
        <line num="44" count="2" type="stmt"/>
        <line num="45" count="2" type="stmt"/>
        <line num="46" count="2" type="stmt"/>
        <line num="47" count="2" type="stmt"/>
        <line num="48" count="2" type="stmt"/>
        <line num="49" count="2" type="stmt"/>
        <line num="50" count="2" type="stmt"/>
        <line num="53" count="2" type="stmt"/>
        <line num="54" count="2" type="stmt"/>
        <line num="55" count="2" type="stmt"/>
        <line num="56" count="2" type="stmt"/>
        <line num="57" count="2" type="stmt"/>
        <line num="58" count="2" type="stmt"/>
        <line num="59" count="2" type="stmt"/>
        <line num="62" count="2" type="stmt"/>
        <line num="63" count="2" type="stmt"/>
        <line num="64" count="2" type="stmt"/>
        <line num="65" count="2" type="stmt"/>
        <line num="66" count="2" type="stmt"/>
        <line num="67" count="2" type="stmt"/>
        <line num="70" count="2" type="stmt"/>
        <line num="71" count="2" type="stmt"/>
        <line num="72" count="2" type="stmt"/>
        <line num="73" count="2" type="stmt"/>
        <line num="74" count="2" type="stmt"/>
        <line num="75" count="2" type="stmt"/>
        <line num="76" count="2" type="stmt"/>
        <line num="77" count="2" type="stmt"/>
        <line num="78" count="2" type="stmt"/>
        <line num="81" count="2" type="stmt"/>
        <line num="82" count="2" type="stmt"/>
        <line num="83" count="2" type="stmt"/>
        <line num="84" count="2" type="stmt"/>
        <line num="85" count="2" type="stmt"/>
        <line num="86" count="2" type="stmt"/>
        <line num="89" count="2" type="stmt"/>
        <line num="90" count="2" type="stmt"/>
        <line num="91" count="2" type="stmt"/>
        <line num="92" count="2" type="stmt"/>
        <line num="93" count="2" type="stmt"/>
        <line num="94" count="2" type="stmt"/>
        <line num="97" count="2" type="stmt"/>
        <line num="98" count="2" type="stmt"/>
        <line num="99" count="2" type="stmt"/>
        <line num="100" count="2" type="stmt"/>
        <line num="101" count="2" type="stmt"/>
        <line num="102" count="2" type="stmt"/>
        <line num="103" count="2" type="stmt"/>
        <line num="104" count="2" type="stmt"/>
        <line num="105" count="2" type="stmt"/>
        <line num="106" count="2" type="stmt"/>
        <line num="107" count="2" type="stmt"/>
        <line num="108" count="2" type="stmt"/>
        <line num="109" count="2" type="stmt"/>
        <line num="110" count="2" type="stmt"/>
        <line num="113" count="2" type="stmt"/>
        <line num="114" count="2" type="stmt"/>
        <line num="115" count="2" type="stmt"/>
        <line num="116" count="2" type="stmt"/>
        <line num="117" count="2" type="stmt"/>
        <line num="118" count="2" type="stmt"/>
        <line num="119" count="2" type="stmt"/>
        <line num="120" count="2" type="stmt"/>
        <line num="121" count="2" type="stmt"/>
        <line num="124" count="2" type="stmt"/>
        <line num="125" count="2" type="stmt"/>
        <line num="126" count="2" type="stmt"/>
        <line num="127" count="2" type="stmt"/>
        <line num="128" count="2" type="stmt"/>
        <line num="129" count="2" type="stmt"/>
        <line num="132" count="2" type="stmt"/>
        <line num="133" count="2" type="stmt"/>
        <line num="134" count="2" type="stmt"/>
        <line num="135" count="2" type="stmt"/>
        <line num="136" count="2" type="stmt"/>
        <line num="137" count="2" type="stmt"/>
        <line num="138" count="2" type="stmt"/>
        <line num="139" count="2" type="stmt"/>
        <line num="140" count="2" type="stmt"/>
        <line num="143" count="2" type="stmt"/>
        <line num="144" count="2" type="stmt"/>
        <line num="145" count="2" type="stmt"/>
        <line num="146" count="2" type="stmt"/>
        <line num="149" count="2" type="stmt"/>
        <line num="150" count="2" type="stmt"/>
        <line num="151" count="2" type="stmt"/>
        <line num="152" count="2" type="stmt"/>
        <line num="153" count="2" type="stmt"/>
        <line num="156" count="2" type="stmt"/>
        <line num="157" count="2" type="stmt"/>
        <line num="158" count="2" type="stmt"/>
        <line num="159" count="2" type="stmt"/>
        <line num="160" count="2" type="stmt"/>
        <line num="163" count="2" type="stmt"/>
        <line num="164" count="2" type="stmt"/>
        <line num="165" count="2" type="stmt"/>
        <line num="166" count="2" type="stmt"/>
        <line num="167" count="2" type="stmt"/>
        <line num="168" count="2" type="stmt"/>
        <line num="169" count="2" type="stmt"/>
        <line num="172" count="2" type="stmt"/>
        <line num="173" count="2" type="stmt"/>
        <line num="174" count="2" type="stmt"/>
        <line num="175" count="2" type="stmt"/>
        <line num="176" count="2" type="stmt"/>
        <line num="177" count="2" type="stmt"/>
        <line num="180" count="2" type="stmt"/>
        <line num="181" count="2" type="stmt"/>
        <line num="182" count="2" type="stmt"/>
        <line num="183" count="2" type="stmt"/>
        <line num="184" count="2" type="stmt"/>
        <line num="185" count="2" type="stmt"/>
        <line num="187" count="2" type="stmt"/>
        <line num="190" count="2" type="stmt"/>
      </file>
    </package>
    <package name="data">
      <metrics statements="9" coveredstatements="9" conditionals="0" coveredconditionals="0" methods="1" coveredmethods="1"/>
      <file name="mocks.ts" path="/Users/george/TeamBuilder/team-builder/src/data/mocks.ts">
        <metrics statements="7" coveredstatements="7" conditionals="0" coveredconditionals="0" methods="1" coveredmethods="1"/>
        <line num="76" count="894" type="stmt"/>
        <line num="80" count="7" type="stmt"/>
        <line num="91" count="7" type="stmt"/>
        <line num="100" count="7" type="stmt"/>
        <line num="109" count="7" type="stmt"/>
        <line num="116" count="7" type="stmt"/>
        <line num="179" count="7" type="stmt"/>
      </file>
      <file name="natures.ts" path="/Users/george/TeamBuilder/team-builder/src/data/natures.ts">
        <metrics statements="2" coveredstatements="2" conditionals="0" coveredconditionals="0" methods="0" coveredmethods="0"/>
        <line num="3" count="3" type="stmt"/>
        <line num="31" count="3" type="stmt"/>
      </file>
    </package>
    <package name="lib">
      <metrics statements="353" coveredstatements="316" conditionals="284" coveredconditionals="221" methods="92" coveredmethods="82"/>
      <file name="api.ts" path="/Users/george/TeamBuilder/team-builder/src/lib/api.ts">
        <metrics statements="64" coveredstatements="45" conditionals="61" coveredconditionals="27" methods="24" coveredmethods="18"/>
        <line num="3" count="2" type="stmt"/>
        <line num="38" count="2" type="stmt"/>
        <line num="39" count="0" type="stmt"/>
        <line num="40" count="0" type="cond" truecount="0" falsecount="2"/>
        <line num="41" count="0" type="stmt"/>
        <line num="44" count="2" type="stmt"/>
        <line num="45" count="0" type="stmt"/>
        <line num="46" count="0" type="cond" truecount="0" falsecount="2"/>
        <line num="47" count="0" type="stmt"/>
        <line num="50" count="2" type="stmt"/>
        <line num="51" count="0" type="stmt"/>
        <line num="52" count="0" type="cond" truecount="0" falsecount="2"/>
        <line num="53" count="0" type="stmt"/>
        <line num="56" count="2" type="stmt"/>
        <line num="57" count="0" type="stmt"/>
        <line num="58" count="0" type="cond" truecount="0" falsecount="2"/>
        <line num="59" count="0" type="stmt"/>
        <line num="72" count="2" type="stmt"/>
        <line num="73" count="0" type="stmt"/>
        <line num="74" count="0" type="cond" truecount="0" falsecount="2"/>
        <line num="75" count="0" type="stmt"/>
        <line num="78" count="2" type="stmt"/>
        <line num="79" count="5" type="stmt"/>
        <line num="80" count="5" type="cond" truecount="1" falsecount="1"/>
        <line num="81" count="5" type="stmt"/>
        <line num="83" count="5" type="stmt"/>
        <line num="87" count="10" type="stmt"/>
        <line num="89" count="5" type="cond" truecount="1" falsecount="1"/>
        <line num="90" count="10" type="cond" truecount="1" falsecount="1"/>
        <line num="91" count="15" type="cond" truecount="1" falsecount="1"/>
        <line num="92" count="20" type="cond" truecount="1" falsecount="1"/>
        <line num="93" count="25" type="cond" truecount="1" falsecount="1"/>
        <line num="94" count="30" type="cond" truecount="1" falsecount="1"/>
        <line num="100" count="9" type="stmt"/>
        <line num="101" count="9" type="stmt"/>
        <line num="102" count="9" type="cond" truecount="1" falsecount="1"/>
        <line num="103" count="9" type="stmt"/>
        <line num="106" count="9" type="stmt"/>
        <line num="107" count="9" type="cond" truecount="1" falsecount="1"/>
        <line num="109" count="9" type="stmt"/>
        <line num="115" count="0" type="stmt"/>
        <line num="122" count="5" type="cond" truecount="2" falsecount="0"/>
        <line num="137" count="2" type="stmt"/>
        <line num="138" count="1" type="stmt"/>
        <line num="139" count="1" type="cond" truecount="1" falsecount="1"/>
        <line num="140" count="1" type="stmt"/>
        <line num="142" count="1" type="stmt"/>
        <line num="144" count="1" type="stmt"/>
        <line num="164" count="2" type="stmt"/>
        <line num="165" count="0" type="stmt"/>
        <line num="166" count="0" type="cond" truecount="0" falsecount="2"/>
        <line num="167" count="0" type="stmt"/>
        <line num="170" count="2" type="stmt"/>
        <line num="182" count="2" type="stmt"/>
        <line num="183" count="1" type="stmt"/>
        <line num="184" count="1" type="cond" truecount="1" falsecount="1"/>
        <line num="185" count="1" type="stmt"/>
        <line num="187" count="1" type="stmt"/>
        <line num="191" count="1" type="stmt"/>
        <line num="192" count="1" type="cond" truecount="2" falsecount="0"/>
        <line num="193" count="1" type="stmt"/>
        <line num="195" count="1" type="cond" truecount="1" falsecount="1"/>
        <line num="196" count="1" type="cond" truecount="1" falsecount="1"/>
        <line num="199" count="1" type="stmt"/>
      </file>
      <file name="coverageAnalysis.ts" path="/Users/george/TeamBuilder/team-builder/src/lib/coverageAnalysis.ts">
        <metrics statements="34" coveredstatements="34" conditionals="20" coveredconditionals="18" methods="17" coveredmethods="17"/>
        <line num="51" count="84" type="stmt"/>
        <line num="52" count="14" type="stmt"/>
        <line num="54" count="14" type="stmt"/>
        <line num="56" count="252" type="stmt"/>
        <line num="57" count="576" type="stmt"/>
        <line num="58" count="576" type="stmt"/>
        <line num="60" count="1062" type="cond" truecount="1" falsecount="1"/>
        <line num="61" count="576" type="stmt"/>
        <line num="65" count="252" type="stmt"/>
        <line num="66" count="576" type="stmt"/>
        <line num="67" count="2304" type="cond" truecount="4" falsecount="1"/>
        <line num="69" count="576" type="cond" truecount="2" falsecount="0"/>
        <line num="70" count="482" type="stmt"/>
        <line num="73" count="576" type="stmt"/>
        <line num="74" count="576" type="stmt"/>
        <line num="75" count="576" type="stmt"/>
        <line num="78" count="252" type="cond" truecount="2" falsecount="0"/>
        <line num="79" count="252" type="stmt"/>
        <line num="80" count="252" type="cond" truecount="3" falsecount="0"/>
        <line num="83" count="252" type="stmt"/>
        <line num="84" count="252" type="cond" truecount="2" falsecount="0"/>
        <line num="87" count="252" type="stmt"/>
        <line num="89" count="252" type="stmt"/>
        <line num="106" count="14" type="stmt"/>
        <line num="107" count="252" type="stmt"/>
        <line num="108" count="2" type="cond" truecount="2" falsecount="0"/>
        <line num="110" count="14" type="stmt"/>
        <line num="111" count="252" type="cond" truecount="2" falsecount="0"/>
        <line num="112" count="57" type="stmt"/>
        <line num="114" count="14" type="stmt"/>
        <line num="115" count="252" type="stmt"/>
        <line num="116" count="153" type="stmt"/>
        <line num="118" count="252" type="stmt"/>
        <line num="120" count="14" type="stmt"/>
      </file>
      <file name="formUnlock.ts" path="/Users/george/TeamBuilder/team-builder/src/lib/formUnlock.ts">
        <metrics statements="24" coveredstatements="24" conditionals="36" coveredconditionals="31" methods="2" coveredmethods="2"/>
        <line num="17" count="19" type="stmt"/>
        <line num="18" count="19" type="cond" truecount="1" falsecount="1"/>
        <line num="21" count="19" type="cond" truecount="2" falsecount="0"/>
        <line num="22" count="3" type="stmt"/>
        <line num="26" count="16" type="cond" truecount="2" falsecount="0"/>
        <line num="27" count="5" type="stmt"/>
        <line num="31" count="14" type="cond" truecount="4" falsecount="0"/>
        <line num="32" count="7" type="cond" truecount="2" falsecount="0"/>
        <line num="33" count="6" type="stmt"/>
        <line num="35" count="6" type="cond" truecount="2" falsecount="0"/>
        <line num="36" count="3" type="cond" truecount="2" falsecount="0"/>
        <line num="37" count="1" type="cond" truecount="1" falsecount="1"/>
        <line num="40" count="3" type="cond" truecount="3" falsecount="1"/>
        <line num="41" count="2" type="cond" truecount="3" falsecount="1"/>
        <line num="43" count="1" type="cond" truecount="1" falsecount="1"/>
        <line num="44" count="1" type="cond" truecount="2" falsecount="0"/>
        <line num="49" count="7" type="cond" truecount="2" falsecount="0"/>
        <line num="50" count="3" type="stmt"/>
        <line num="51" count="3" type="stmt"/>
        <line num="55" count="4" type="cond" truecount="2" falsecount="0"/>
        <line num="56" count="2" type="stmt"/>
        <line num="60" count="2" type="cond" truecount="2" falsecount="0"/>
        <line num="61" count="1" type="stmt"/>
        <line num="65" count="1" type="stmt"/>
      </file>
      <file name="pokemonMath.ts" path="/Users/george/TeamBuilder/team-builder/src/lib/pokemonMath.ts">
        <metrics statements="8" coveredstatements="8" conditionals="12" coveredconditionals="12" methods="3" coveredmethods="3"/>
        <line num="13" count="8" type="cond" truecount="2" falsecount="0"/>
        <line num="14" count="5" type="stmt"/>
        <line num="27" count="6" type="stmt"/>
        <line num="28" count="6" type="stmt"/>
        <line num="35" count="12" type="cond" truecount="2" falsecount="0"/>
        <line num="36" count="10" type="cond" truecount="4" falsecount="0"/>
        <line num="37" count="8" type="cond" truecount="4" falsecount="0"/>
        <line num="38" count="6" type="stmt"/>
      </file>
      <file name="showdownParser.ts" path="/Users/george/TeamBuilder/team-builder/src/lib/showdownParser.ts">
        <metrics statements="122" coveredstatements="113" conditionals="68" coveredconditionals="58" methods="16" coveredmethods="16"/>
        <line num="6" count="2" type="stmt"/>
        <line num="8" count="2" type="stmt"/>
        <line num="17" count="2" type="stmt"/>
        <line num="26" count="2" type="stmt"/>
        <line num="27" count="32" type="stmt"/>
        <line num="30" count="114" type="stmt"/>
        <line num="31" count="19" type="cond" truecount="2" falsecount="0"/>
        <line num="33" count="15" type="stmt"/>
        <line num="34" count="16" type="cond" truecount="1" falsecount="1"/>
        <line num="35" count="16" type="stmt"/>
        <line num="38" count="16" type="stmt"/>
        <line num="39" count="16" type="cond" truecount="2" falsecount="0"/>
        <line num="40" count="16" type="cond" truecount="2" falsecount="0"/>
        <line num="43" count="16" type="cond" truecount="2" falsecount="0"/>
        <line num="44" count="2" type="stmt"/>
        <line num="48" count="16" type="cond" truecount="2" falsecount="0"/>
        <line num="49" count="2" type="stmt"/>
        <line num="53" count="16" type="cond" truecount="2" falsecount="0"/>
        <line num="54" count="2" type="stmt"/>
        <line num="58" count="16" type="cond" truecount="2" falsecount="0"/>
        <line num="59" count="2" type="stmt"/>
        <line num="63" count="16" type="stmt"/>
        <line num="64" count="96" type="stmt"/>
        <line num="65" count="6" type="stmt"/>
        <line num="66" count="16" type="cond" truecount="2" falsecount="0"/>
        <line num="67" count="2" type="stmt"/>
        <line num="71" count="16" type="cond" truecount="2" falsecount="0"/>
        <line num="72" count="2" type="stmt"/>
        <line num="76" count="16" type="stmt"/>
        <line num="77" count="96" type="stmt"/>
        <line num="78" count="2" type="stmt"/>
        <line num="79" count="16" type="cond" truecount="2" falsecount="0"/>
        <line num="80" count="2" type="stmt"/>
        <line num="84" count="16" type="stmt"/>
        <line num="85" count="64" type="cond" truecount="2" falsecount="0"/>
        <line num="86" count="5" type="stmt"/>
        <line num="90" count="16" type="stmt"/>
        <line num="95" count="17" type="stmt"/>
        <line num="96" count="96" type="stmt"/>
        <line num="109" count="16" type="stmt"/>
        <line num="110" count="17" type="stmt"/>
        <line num="111" count="38" type="stmt"/>
        <line num="112" count="17" type="cond" truecount="1" falsecount="1"/>
        <line num="115" count="17" type="stmt"/>
        <line num="116" count="17" type="stmt"/>
        <line num="117" count="17" type="stmt"/>
        <line num="119" count="17" type="cond" truecount="2" falsecount="0"/>
        <line num="120" count="5" type="stmt"/>
        <line num="121" count="5" type="stmt"/>
        <line num="122" count="5" type="stmt"/>
        <line num="125" count="17" type="stmt"/>
        <line num="127" count="17" type="stmt"/>
        <line num="130" count="17" type="stmt"/>
        <line num="131" count="17" type="cond" truecount="3" falsecount="1"/>
        <line num="132" count="17" type="stmt"/>
        <line num="135" count="17" type="stmt"/>
        <line num="137" count="17" type="stmt"/>
        <line num="138" count="17" type="stmt"/>
        <line num="140" count="17" type="stmt"/>
        <line num="142" count="17" type="stmt"/>
        <line num="143" count="16" type="stmt"/>
        <line num="145" count="1" type="cond" truecount="1" falsecount="1"/>
        <line num="146" count="0" type="stmt"/>
        <line num="147" count="0" type="stmt"/>
        <line num="148" count="0" type="stmt"/>
        <line num="149" count="0" type="stmt"/>
        <line num="151" count="0" type="stmt"/>
        <line num="155" count="1" type="stmt"/>
        <line num="156" count="1" type="stmt"/>
        <line num="160" count="16" type="stmt"/>
        <line num="162" count="16" type="cond" truecount="2" falsecount="0"/>
        <line num="163" count="5" type="stmt"/>
        <line num="164" count="5" type="stmt"/>
        <line num="165" count="5" type="stmt"/>
        <line num="168" count="0" type="stmt"/>
        <line num="171" count="16" type="stmt"/>
        <line num="173" count="16" type="stmt"/>
        <line num="174" count="21" type="stmt"/>
        <line num="176" count="21" type="cond" truecount="2" falsecount="0"/>
        <line num="177" count="4" type="stmt"/>
        <line num="178" count="4" type="stmt"/>
        <line num="179" count="4" type="cond" truecount="1" falsecount="1"/>
        <line num="180" count="4" type="stmt"/>
        <line num="183" count="0" type="stmt"/>
        <line num="185" count="17" type="cond" truecount="2" falsecount="0"/>
        <line num="186" count="2" type="cond" truecount="1" falsecount="1"/>
        <line num="187" count="15" type="cond" truecount="2" falsecount="0"/>
        <line num="188" count="2" type="stmt"/>
        <line num="189" count="13" type="cond" truecount="2" falsecount="0"/>
        <line num="190" count="2" type="stmt"/>
        <line num="191" count="11" type="cond" truecount="2" falsecount="0"/>
        <line num="192" count="2" type="stmt"/>
        <line num="193" count="22" type="stmt"/>
        <line num="194" count="2" type="cond" truecount="1" falsecount="1"/>
        <line num="195" count="2" type="stmt"/>
        <line num="197" count="0" type="stmt"/>
        <line num="199" count="9" type="cond" truecount="2" falsecount="0"/>
        <line num="200" count="2" type="stmt"/>
        <line num="201" count="2" type="stmt"/>
        <line num="202" count="2" type="stmt"/>
        <line num="203" count="6" type="stmt"/>
        <line num="204" count="6" type="stmt"/>
        <line num="205" count="6" type="stmt"/>
        <line num="206" count="6" type="cond" truecount="3" falsecount="1"/>
        <line num="207" count="6" type="stmt"/>
        <line num="210" count="7" type="cond" truecount="2" falsecount="0"/>
        <line num="211" count="2" type="stmt"/>
        <line num="212" count="2" type="stmt"/>
        <line num="213" count="2" type="stmt"/>
        <line num="214" count="2" type="stmt"/>
        <line num="215" count="2" type="stmt"/>
        <line num="216" count="2" type="stmt"/>
        <line num="217" count="2" type="cond" truecount="3" falsecount="1"/>
        <line num="218" count="2" type="stmt"/>
        <line num="221" count="5" type="cond" truecount="3" falsecount="1"/>
        <line num="223" count="5" type="stmt"/>
        <line num="224" count="5" type="stmt"/>
        <line num="225" count="5" type="stmt"/>
        <line num="226" count="5" type="stmt"/>
        <line num="228" count="0" type="stmt"/>
        <line num="230" count="5" type="stmt"/>
        <line num="235" count="17" type="stmt"/>
      </file>
      <file name="teamStorage.ts" path="/Users/george/TeamBuilder/team-builder/src/lib/teamStorage.ts">
        <metrics statements="25" coveredstatements="17" conditionals="6" coveredconditionals="4" methods="8" coveredmethods="6"/>
        <line num="13" count="1" type="stmt"/>
        <line num="16" count="11" type="stmt"/>
        <line num="17" count="11" type="stmt"/>
        <line num="18" count="11" type="cond" truecount="2" falsecount="0"/>
        <line num="19" count="7" type="stmt"/>
        <line num="21" count="1" type="stmt"/>
        <line num="22" count="1" type="stmt"/>
        <line num="27" count="4" type="stmt"/>
        <line num="28" count="4" type="stmt"/>
        <line num="29" count="24" type="stmt"/>
        <line num="31" count="4" type="stmt"/>
        <line num="40" count="4" type="stmt"/>
        <line num="41" count="4" type="stmt"/>
        <line num="42" count="4" type="stmt"/>
        <line num="46" count="2" type="stmt"/>
        <line num="47" count="3" type="stmt"/>
        <line num="48" count="2" type="stmt"/>
        <line num="52" count="0" type="stmt"/>
        <line num="53" count="0" type="stmt"/>
        <line num="55" count="0" type="cond" truecount="0" falsecount="2"/>
        <line num="57" count="0" type="stmt"/>
        <line num="58" count="0" type="stmt"/>
        <line num="59" count="0" type="stmt"/>
        <line num="64" count="0" type="stmt"/>
        <line num="65" count="0" type="stmt"/>
      </file>
      <file name="telemetry.ts" path="/Users/george/TeamBuilder/team-builder/src/lib/telemetry.ts">
        <metrics statements="59" coveredstatements="59" conditionals="62" coveredconditionals="52" methods="19" coveredmethods="18"/>
        <line num="12" count="12" type="stmt"/>
        <line num="14" count="2" type="cond" truecount="2" falsecount="0"/>
        <line num="15" count="1" type="stmt"/>
        <line num="18" count="1" type="stmt"/>
        <line num="19" count="1" type="stmt"/>
        <line num="20" count="4" type="stmt"/>
        <line num="22" count="1" type="stmt"/>
        <line num="42" count="1" type="stmt"/>
        <line num="69" count="16" type="stmt"/>
        <line num="75" count="96" type="stmt"/>
        <line num="76" count="16" type="cond" truecount="4" falsecount="0"/>
        <line num="78" count="15" type="stmt"/>
        <line num="79" count="15" type="stmt"/>
        <line num="80" count="15" type="stmt"/>
        <line num="83" count="15" type="stmt"/>
        <line num="84" count="270" type="stmt"/>
        <line num="85" count="270" type="stmt"/>
        <line num="89" count="15" type="stmt"/>
        <line num="90" count="21" type="stmt"/>
        <line num="91" count="378" type="stmt"/>
        <line num="94" count="378" type="stmt"/>
        <line num="95" count="648" type="stmt"/>
        <line num="96" count="648" type="cond" truecount="1" falsecount="1"/>
        <line num="100" count="378" type="cond" truecount="4" falsecount="0"/>
        <line num="101" count="378" type="cond" truecount="4" falsecount="0"/>
        <line num="102" count="378" type="cond" truecount="2" falsecount="2"/>
        <line num="103" count="378" type="cond" truecount="2" falsecount="2"/>
        <line num="104" count="378" type="cond" truecount="2" falsecount="2"/>
        <line num="105" count="378" type="cond" truecount="2" falsecount="2"/>
        <line num="107" count="378" type="cond" truecount="2" falsecount="0"/>
        <line num="108" count="378" type="cond" truecount="2" falsecount="0"/>
        <line num="112" count="15" type="stmt"/>
        <line num="113" count="270" type="cond" truecount="2" falsecount="0"/>
        <line num="114" count="270" type="cond" truecount="2" falsecount="0"/>
        <line num="118" count="15" type="stmt"/>
        <line num="119" count="15" type="stmt"/>
        <line num="120" count="21" type="stmt"/>
        <line num="121" count="84" type="cond" truecount="4" falsecount="0"/>
        <line num="125" count="15" type="stmt"/>
        <line num="126" count="270" type="stmt"/>
        <line num="127" count="270" type="stmt"/>
        <line num="128" count="54" type="stmt"/>
        <line num="129" count="54" type="cond" truecount="4" falsecount="0"/>
        <line num="131" count="270" type="cond" truecount="2" falsecount="0"/>
        <line num="135" count="15" type="stmt"/>
        <line num="136" count="21" type="stmt"/>
        <line num="137" count="84" type="cond" truecount="2" falsecount="0"/>
        <line num="138" count="7" type="cond" truecount="2" falsecount="0"/>
        <line num="139" count="7" type="cond" truecount="2" falsecount="0"/>
        <line num="144" count="15" type="stmt"/>
        <line num="145" count="15" type="stmt"/>
        <line num="146" count="15" type="stmt"/>
        <line num="147" count="21" type="stmt"/>
        <line num="148" count="21" type="stmt"/>
        <line num="150" count="15" type="stmt"/>
        <line num="152" count="15" type="cond" truecount="1" falsecount="1"/>
        <line num="153" count="15" type="stmt"/>
        <line num="154" count="15" type="stmt"/>
        <line num="157" count="15" type="stmt"/>
      </file>
      <file name="utils.ts" path="/Users/george/TeamBuilder/team-builder/src/lib/utils.ts">
        <metrics statements="17" coveredstatements="16" conditionals="19" coveredconditionals="19" methods="3" coveredmethods="2"/>
        <line num="5" count="0" type="stmt"/>
        <line num="9" count="9" type="cond" truecount="5" falsecount="0"/>
        <line num="11" count="5" type="stmt"/>
        <line num="12" count="5" type="stmt"/>
        <line num="13" count="5" type="stmt"/>
        <line num="14" count="10" type="cond" truecount="2" falsecount="0"/>
        <line num="15" count="7" type="stmt"/>
        <line num="16" count="7" type="cond" truecount="2" falsecount="0"/>
        <line num="17" count="5" type="stmt"/>
        <line num="19" count="2" type="stmt"/>
        <line num="22" count="3" type="stmt"/>
        <line num="35" count="984" type="cond" truecount="2" falsecount="0"/>
        <line num="37" count="983" type="cond" truecount="4" falsecount="0"/>
        <line num="38" count="26" type="cond" truecount="2" falsecount="0"/>
        <line num="39" count="24" type="stmt"/>
        <line num="40" count="24" type="cond" truecount="2" falsecount="0"/>
        <line num="44" count="960" type="stmt"/>
      </file>
    </package>
  </project>
</coverage>
