{"/Users/george/TeamBuilder/team-builder/src/__tests__/fixtures/teamFixtures.ts": {"path":"/Users/george/TeamBuilder/team-builder/src/__tests__/fixtures/teamFixtures.ts","statementMap":{"0":{"start":{"line":7,"column":2},"end":{"line":17,"column":null}},"1":{"start":{"line":21,"column":2},"end":{"line":33,"column":null}},"2":{"start":{"line":37,"column":2},"end":{"line":44,"column":null}},"3":{"start":{"line":48,"column":2},"end":{"line":52,"column":null}},"4":{"start":{"line":56,"column":2},"end":{"line":62,"column":null}},"5":{"start":{"line":67,"column":25},"end":{"line":74,"column":2}},"6":{"start":{"line":76,"column":22},"end":{"line":83,"column":2}},"7":{"start":{"line":85,"column":22},"end":{"line":92,"column":2}},"8":{"start":{"line":94,"column":25},"end":{"line":101,"column":2}},"9":{"start":{"line":103,"column":25},"end":{"line":110,"column":2}},"10":{"start":{"line":112,"column":23},"end":{"line":119,"column":2}},"11":{"start":{"line":121,"column":24},"end":{"line":128,"column":2}},"12":{"start":{"line":130,"column":22},"end":{"line":137,"column":2}},"13":{"start":{"line":139,"column":24},"end":{"line":146,"column":2}},"14":{"start":{"line":150,"column":28},"end":{"line":150,"column":129}},"15":{"start":{"line":151,"column":26},"end":{"line":151,"column":129}},"16":{"start":{"line":152,"column":27},"end":{"line":152,"column":131}},"17":{"start":{"line":153,"column":24},"end":{"line":153,"column":120}},"18":{"start":{"line":154,"column":27},"end":{"line":154,"column":128}},"19":{"start":{"line":155,"column":28},"end":{"line":155,"column":131}},"20":{"start":{"line":156,"column":26},"end":{"line":156,"column":128}},"21":{"start":{"line":157,"column":21},"end":{"line":157,"column":119}},"22":{"start":{"line":158,"column":22},"end":{"line":158,"column":121}},"23":{"start":{"line":159,"column":21},"end":{"line":159,"column":119}},"24":{"start":{"line":160,"column":28},"end":{"line":160,"column":131}},"25":{"start":{"line":161,"column":25},"end":{"line":161,"column":124}},"26":{"start":{"line":162,"column":29},"end":{"line":162,"column":135}},"27":{"start":{"line":167,"column":2},"end":{"line":167,"column":null}},"28":{"start":{"line":167,"column":39},"end":{"line":167,"column":55}},"29":{"start":{"line":171,"column":35},"end":{"line":171,"column":43}},"30":{"start":{"line":172,"column":2},"end":{"line":179,"column":null}},"31":{"start":{"line":183,"column":2},"end":{"line":211,"column":null}}},"fnMap":{"0":{"name":"createMockPokemon","decl":{"start":{"line":6,"column":16},"end":{"line":6,"column":34}},"loc":{"start":{"line":6,"column":77},"end":{"line":17,"column":null}},"line":6},"1":{"name":"createMockSlot","decl":{"start":{"line":20,"column":16},"end":{"line":20,"column":31}},"loc":{"start":{"line":20,"column":86},"end":{"line":33,"column":null}},"line":20},"2":{"name":"createMockMove","decl":{"start":{"line":36,"column":16},"end":{"line":36,"column":31}},"loc":{"start":{"line":36,"column":68},"end":{"line":44,"column":null}},"line":36},"3":{"name":"createMockAbility","decl":{"start":{"line":47,"column":16},"end":{"line":47,"column":34}},"loc":{"start":{"line":47,"column":77},"end":{"line":52,"column":null}},"line":47},"4":{"name":"createMockItem","decl":{"start":{"line":55,"column":16},"end":{"line":55,"column":31}},"loc":{"start":{"line":55,"column":68},"end":{"line":62,"column":null}},"line":55},"5":{"name":"createEmptyTeam","decl":{"start":{"line":166,"column":16},"end":{"line":166,"column":51}},"loc":{"start":{"line":166,"column":51},"end":{"line":167,"column":null}},"line":166},"6":{"name":"(anonymous_6)","decl":{"start":{"line":167,"column":29},"end":{"line":167,"column":39}},"loc":{"start":{"line":167,"column":39},"end":{"line":167,"column":55}},"line":167},"7":{"name":"createMonoFireTeam","decl":{"start":{"line":170,"column":16},"end":{"line":170,"column":54}},"loc":{"start":{"line":170,"column":54},"end":{"line":179,"column":null}},"line":170},"8":{"name":"createBalancedTeam","decl":{"start":{"line":182,"column":16},"end":{"line":182,"column":54}},"loc":{"start":{"line":182,"column":54},"end":{"line":211,"column":null}},"line":182}},"branchMap":{"0":{"loc":{"start":{"line":6,"column":34},"end":{"line":6,"column":66}},"type":"default-arg","locations":[{"start":{"line":6,"column":64},"end":{"line":6,"column":66}}],"line":6},"1":{"loc":{"start":{"line":20,"column":31},"end":{"line":20,"column":69}},"type":"default-arg","locations":[{"start":{"line":20,"column":67},"end":{"line":20,"column":69}}],"line":20},"2":{"loc":{"start":{"line":36,"column":31},"end":{"line":36,"column":60}},"type":"default-arg","locations":[{"start":{"line":36,"column":58},"end":{"line":36,"column":60}}],"line":36},"3":{"loc":{"start":{"line":47,"column":34},"end":{"line":47,"column":66}},"type":"default-arg","locations":[{"start":{"line":47,"column":64},"end":{"line":47,"column":66}}],"line":47},"4":{"loc":{"start":{"line":55,"column":31},"end":{"line":55,"column":60}},"type":"default-arg","locations":[{"start":{"line":55,"column":58},"end":{"line":55,"column":60}}],"line":55}},"s":{"0":84,"1":348,"2":78,"3":7,"4":38,"5":6,"6":6,"7":6,"8":6,"9":6,"10":6,"11":6,"12":6,"13":6,"14":6,"15":6,"16":6,"17":6,"18":6,"19":6,"20":6,"21":6,"22":6,"23":6,"24":6,"25":6,"26":6,"27":2,"28":12,"29":1,"30":1,"31":3},"f":{"0":84,"1":348,"2":78,"3":7,"4":38,"5":2,"6":12,"7":1,"8":3},"b":{"0":[84],"1":[348],"2":[78],"3":[7],"4":[38]},"meta":{"lastBranch":5,"lastFunction":9,"lastStatement":32,"seen":{"f:6:16:6:34":0,"b:6:64:6:66":0,"s:7:2:17:Infinity":0,"f:20:16:20:31":1,"b:20:67:20:69":1,"s:21:2:33:Infinity":1,"f:36:16:36:31":2,"b:36:58:36:60":2,"s:37:2:44:Infinity":2,"f:47:16:47:34":3,"b:47:64:47:66":3,"s:48:2:52:Infinity":3,"f:55:16:55:31":4,"b:55:58:55:60":4,"s:56:2:62:Infinity":4,"s:67:25:74:2":5,"s:76:22:83:2":6,"s:85:22:92:2":7,"s:94:25:101:2":8,"s:103:25:110:2":9,"s:112:23:119:2":10,"s:121:24:128:2":11,"s:130:22:137:2":12,"s:139:24:146:2":13,"s:150:28:150:129":14,"s:151:26:151:129":15,"s:152:27:152:131":16,"s:153:24:153:120":17,"s:154:27:154:128":18,"s:155:28:155:131":19,"s:156:26:156:128":20,"s:157:21:157:119":21,"s:158:22:158:121":22,"s:159:21:159:119":23,"s:160:28:160:131":24,"s:161:25:161:124":25,"s:162:29:162:135":26,"f:166:16:166:51":5,"s:167:2:167:Infinity":27,"f:167:29:167:39":6,"s:167:39:167:55":28,"f:170:16:170:54":7,"s:171:35:171:43":29,"s:172:2:179:Infinity":30,"f:182:16:182:54":8,"s:183:2:211:Infinity":31}}}
,"/Users/george/TeamBuilder/team-builder/src/__tests__/fixtures/typeMatrix.ts": {"path":"/Users/george/TeamBuilder/team-builder/src/__tests__/fixtures/typeMatrix.ts","statementMap":{"0":{"start":{"line":10,"column":18},"end":{"line":13,"column":null}},"1":{"start":{"line":16,"column":27},"end":{"line":16,"column":29}},"2":{"start":{"line":19,"column":2},"end":{"line":24,"column":null}},"3":{"start":{"line":20,"column":4},"end":{"line":20,"column":null}},"4":{"start":{"line":21,"column":4},"end":{"line":23,"column":null}},"5":{"start":{"line":22,"column":6},"end":{"line":22,"column":null}},"6":{"start":{"line":27,"column":8},"end":{"line":28,"column":null}},"7":{"start":{"line":28,"column":4},"end":{"line":28,"column":null}},"8":{"start":{"line":32,"column":2},"end":{"line":32,"column":null}},"9":{"start":{"line":33,"column":2},"end":{"line":33,"column":null}},"10":{"start":{"line":36,"column":2},"end":{"line":36,"column":null}},"11":{"start":{"line":37,"column":2},"end":{"line":37,"column":null}},"12":{"start":{"line":38,"column":2},"end":{"line":38,"column":null}},"13":{"start":{"line":39,"column":2},"end":{"line":39,"column":null}},"14":{"start":{"line":40,"column":2},"end":{"line":40,"column":null}},"15":{"start":{"line":41,"column":2},"end":{"line":41,"column":null}},"16":{"start":{"line":44,"column":2},"end":{"line":44,"column":null}},"17":{"start":{"line":45,"column":2},"end":{"line":45,"column":null}},"18":{"start":{"line":46,"column":2},"end":{"line":46,"column":null}},"19":{"start":{"line":47,"column":2},"end":{"line":47,"column":null}},"20":{"start":{"line":48,"column":2},"end":{"line":48,"column":null}},"21":{"start":{"line":49,"column":2},"end":{"line":49,"column":null}},"22":{"start":{"line":50,"column":2},"end":{"line":50,"column":null}},"23":{"start":{"line":53,"column":2},"end":{"line":53,"column":null}},"24":{"start":{"line":54,"column":2},"end":{"line":54,"column":null}},"25":{"start":{"line":55,"column":2},"end":{"line":55,"column":null}},"26":{"start":{"line":56,"column":2},"end":{"line":56,"column":null}},"27":{"start":{"line":57,"column":2},"end":{"line":57,"column":null}},"28":{"start":{"line":58,"column":2},"end":{"line":58,"column":null}},"29":{"start":{"line":59,"column":2},"end":{"line":59,"column":null}},"30":{"start":{"line":62,"column":2},"end":{"line":62,"column":null}},"31":{"start":{"line":63,"column":2},"end":{"line":63,"column":null}},"32":{"start":{"line":64,"column":2},"end":{"line":64,"column":null}},"33":{"start":{"line":65,"column":2},"end":{"line":65,"column":null}},"34":{"start":{"line":66,"column":2},"end":{"line":66,"column":null}},"35":{"start":{"line":67,"column":2},"end":{"line":67,"column":null}},"36":{"start":{"line":70,"column":2},"end":{"line":70,"column":null}},"37":{"start":{"line":71,"column":2},"end":{"line":71,"column":null}},"38":{"start":{"line":72,"column":2},"end":{"line":72,"column":null}},"39":{"start":{"line":73,"column":2},"end":{"line":73,"column":null}},"40":{"start":{"line":74,"column":2},"end":{"line":74,"column":null}},"41":{"start":{"line":75,"column":2},"end":{"line":75,"column":null}},"42":{"start":{"line":76,"column":2},"end":{"line":76,"column":null}},"43":{"start":{"line":77,"column":2},"end":{"line":77,"column":null}},"44":{"start":{"line":78,"column":2},"end":{"line":78,"column":null}},"45":{"start":{"line":81,"column":2},"end":{"line":81,"column":null}},"46":{"start":{"line":82,"column":2},"end":{"line":82,"column":null}},"47":{"start":{"line":83,"column":2},"end":{"line":83,"column":null}},"48":{"start":{"line":84,"column":2},"end":{"line":84,"column":null}},"49":{"start":{"line":85,"column":2},"end":{"line":85,"column":null}},"50":{"start":{"line":86,"column":2},"end":{"line":86,"column":null}},"51":{"start":{"line":89,"column":2},"end":{"line":89,"column":null}},"52":{"start":{"line":90,"column":2},"end":{"line":90,"column":null}},"53":{"start":{"line":91,"column":2},"end":{"line":91,"column":null}},"54":{"start":{"line":92,"column":2},"end":{"line":92,"column":null}},"55":{"start":{"line":93,"column":2},"end":{"line":93,"column":null}},"56":{"start":{"line":94,"column":2},"end":{"line":94,"column":null}},"57":{"start":{"line":97,"column":2},"end":{"line":97,"column":null}},"58":{"start":{"line":98,"column":2},"end":{"line":98,"column":null}},"59":{"start":{"line":99,"column":2},"end":{"line":99,"column":null}},"60":{"start":{"line":100,"column":2},"end":{"line":100,"column":null}},"61":{"start":{"line":101,"column":2},"end":{"line":101,"column":null}},"62":{"start":{"line":102,"column":2},"end":{"line":102,"column":null}},"63":{"start":{"line":103,"column":2},"end":{"line":103,"column":null}},"64":{"start":{"line":104,"column":2},"end":{"line":104,"column":null}},"65":{"start":{"line":105,"column":2},"end":{"line":105,"column":null}},"66":{"start":{"line":106,"column":2},"end":{"line":106,"column":null}},"67":{"start":{"line":107,"column":2},"end":{"line":107,"column":null}},"68":{"start":{"line":108,"column":2},"end":{"line":108,"column":null}},"69":{"start":{"line":109,"column":2},"end":{"line":109,"column":null}},"70":{"start":{"line":110,"column":2},"end":{"line":110,"column":null}},"71":{"start":{"line":113,"column":2},"end":{"line":113,"column":null}},"72":{"start":{"line":114,"column":2},"end":{"line":114,"column":null}},"73":{"start":{"line":115,"column":2},"end":{"line":115,"column":null}},"74":{"start":{"line":116,"column":2},"end":{"line":116,"column":null}},"75":{"start":{"line":117,"column":2},"end":{"line":117,"column":null}},"76":{"start":{"line":118,"column":2},"end":{"line":118,"column":null}},"77":{"start":{"line":119,"column":2},"end":{"line":119,"column":null}},"78":{"start":{"line":120,"column":2},"end":{"line":120,"column":null}},"79":{"start":{"line":121,"column":2},"end":{"line":121,"column":null}},"80":{"start":{"line":124,"column":2},"end":{"line":124,"column":null}},"81":{"start":{"line":125,"column":2},"end":{"line":125,"column":null}},"82":{"start":{"line":126,"column":2},"end":{"line":126,"column":null}},"83":{"start":{"line":127,"column":2},"end":{"line":127,"column":null}},"84":{"start":{"line":128,"column":2},"end":{"line":128,"column":null}},"85":{"start":{"line":129,"column":2},"end":{"line":129,"column":null}},"86":{"start":{"line":132,"column":2},"end":{"line":132,"column":null}},"87":{"start":{"line":133,"column":2},"end":{"line":133,"column":null}},"88":{"start":{"line":134,"column":2},"end":{"line":134,"column":null}},"89":{"start":{"line":135,"column":2},"end":{"line":135,"column":null}},"90":{"start":{"line":136,"column":2},"end":{"line":136,"column":null}},"91":{"start":{"line":137,"column":2},"end":{"line":137,"column":null}},"92":{"start":{"line":138,"column":2},"end":{"line":138,"column":null}},"93":{"start":{"line":139,"column":2},"end":{"line":139,"column":null}},"94":{"start":{"line":140,"column":2},"end":{"line":140,"column":null}},"95":{"start":{"line":143,"column":2},"end":{"line":143,"column":null}},"96":{"start":{"line":144,"column":2},"end":{"line":144,"column":null}},"97":{"start":{"line":145,"column":2},"end":{"line":145,"column":null}},"98":{"start":{"line":146,"column":2},"end":{"line":146,"column":null}},"99":{"start":{"line":149,"column":2},"end":{"line":149,"column":null}},"100":{"start":{"line":150,"column":2},"end":{"line":150,"column":null}},"101":{"start":{"line":151,"column":2},"end":{"line":151,"column":null}},"102":{"start":{"line":152,"column":2},"end":{"line":152,"column":null}},"103":{"start":{"line":153,"column":2},"end":{"line":153,"column":null}},"104":{"start":{"line":156,"column":2},"end":{"line":156,"column":null}},"105":{"start":{"line":157,"column":2},"end":{"line":157,"column":null}},"106":{"start":{"line":158,"column":2},"end":{"line":158,"column":null}},"107":{"start":{"line":159,"column":2},"end":{"line":159,"column":null}},"108":{"start":{"line":160,"column":2},"end":{"line":160,"column":null}},"109":{"start":{"line":163,"column":2},"end":{"line":163,"column":null}},"110":{"start":{"line":164,"column":2},"end":{"line":164,"column":null}},"111":{"start":{"line":165,"column":2},"end":{"line":165,"column":null}},"112":{"start":{"line":166,"column":2},"end":{"line":166,"column":null}},"113":{"start":{"line":167,"column":2},"end":{"line":167,"column":null}},"114":{"start":{"line":168,"column":2},"end":{"line":168,"column":null}},"115":{"start":{"line":169,"column":2},"end":{"line":169,"column":null}},"116":{"start":{"line":172,"column":2},"end":{"line":172,"column":null}},"117":{"start":{"line":173,"column":2},"end":{"line":173,"column":null}},"118":{"start":{"line":174,"column":2},"end":{"line":174,"column":null}},"119":{"start":{"line":175,"column":2},"end":{"line":175,"column":null}},"120":{"start":{"line":176,"column":2},"end":{"line":176,"column":null}},"121":{"start":{"line":177,"column":2},"end":{"line":177,"column":null}},"122":{"start":{"line":180,"column":2},"end":{"line":180,"column":null}},"123":{"start":{"line":181,"column":2},"end":{"line":181,"column":null}},"124":{"start":{"line":182,"column":2},"end":{"line":182,"column":null}},"125":{"start":{"line":183,"column":2},"end":{"line":183,"column":null}},"126":{"start":{"line":184,"column":2},"end":{"line":184,"column":null}},"127":{"start":{"line":185,"column":2},"end":{"line":185,"column":null}},"128":{"start":{"line":187,"column":2},"end":{"line":187,"column":null}},"129":{"start":{"line":190,"column":27},"end":{"line":190,"column":40}}},"fnMap":{"0":{"name":"buildMatrix","decl":{"start":{"line":15,"column":9},"end":{"line":15,"column":38}},"loc":{"start":{"line":15,"column":38},"end":{"line":187,"column":null}},"line":15},"1":{"name":"(anonymous_1)","decl":{"start":{"line":19,"column":12},"end":{"line":19,"column":20}},"loc":{"start":{"line":19,"column":27},"end":{"line":24,"column":null}},"line":19},"2":{"name":"(anonymous_2)","decl":{"start":{"line":21,"column":14},"end":{"line":21,"column":22}},"loc":{"start":{"line":21,"column":29},"end":{"line":23,"column":null}},"line":21},"3":{"name":"(anonymous_3)","decl":{"start":{"line":27,"column":8},"end":{"line":27,"column":15}},"loc":{"start":{"line":27,"column":68},"end":{"line":28,"column":null}},"line":27}},"branchMap":{},"s":{"0":2,"1":2,"2":2,"3":36,"4":36,"5":648,"6":2,"7":240,"8":2,"9":2,"10":2,"11":2,"12":2,"13":2,"14":2,"15":2,"16":2,"17":2,"18":2,"19":2,"20":2,"21":2,"22":2,"23":2,"24":2,"25":2,"26":2,"27":2,"28":2,"29":2,"30":2,"31":2,"32":2,"33":2,"34":2,"35":2,"36":2,"37":2,"38":2,"39":2,"40":2,"41":2,"42":2,"43":2,"44":2,"45":2,"46":2,"47":2,"48":2,"49":2,"50":2,"51":2,"52":2,"53":2,"54":2,"55":2,"56":2,"57":2,"58":2,"59":2,"60":2,"61":2,"62":2,"63":2,"64":2,"65":2,"66":2,"67":2,"68":2,"69":2,"70":2,"71":2,"72":2,"73":2,"74":2,"75":2,"76":2,"77":2,"78":2,"79":2,"80":2,"81":2,"82":2,"83":2,"84":2,"85":2,"86":2,"87":2,"88":2,"89":2,"90":2,"91":2,"92":2,"93":2,"94":2,"95":2,"96":2,"97":2,"98":2,"99":2,"100":2,"101":2,"102":2,"103":2,"104":2,"105":2,"106":2,"107":2,"108":2,"109":2,"110":2,"111":2,"112":2,"113":2,"114":2,"115":2,"116":2,"117":2,"118":2,"119":2,"120":2,"121":2,"122":2,"123":2,"124":2,"125":2,"126":2,"127":2,"128":2,"129":2},"f":{"0":2,"1":36,"2":648,"3":240},"b":{},"meta":{"lastBranch":0,"lastFunction":4,"lastStatement":130,"seen":{"s:10:18:13:Infinity":0,"f:15:9:15:38":0,"s:16:27:16:29":1,"s:19:2:24:Infinity":2,"f:19:12:19:20":1,"s:20:4:20:Infinity":3,"s:21:4:23:Infinity":4,"f:21:14:21:22":2,"s:22:6:22:Infinity":5,"s:27:8:28:Infinity":6,"f:27:8:27:15":3,"s:28:4:28:Infinity":7,"s:32:2:32:Infinity":8,"s:33:2:33:Infinity":9,"s:36:2:36:Infinity":10,"s:37:2:37:Infinity":11,"s:38:2:38:Infinity":12,"s:39:2:39:Infinity":13,"s:40:2:40:Infinity":14,"s:41:2:41:Infinity":15,"s:44:2:44:Infinity":16,"s:45:2:45:Infinity":17,"s:46:2:46:Infinity":18,"s:47:2:47:Infinity":19,"s:48:2:48:Infinity":20,"s:49:2:49:Infinity":21,"s:50:2:50:Infinity":22,"s:53:2:53:Infinity":23,"s:54:2:54:Infinity":24,"s:55:2:55:Infinity":25,"s:56:2:56:Infinity":26,"s:57:2:57:Infinity":27,"s:58:2:58:Infinity":28,"s:59:2:59:Infinity":29,"s:62:2:62:Infinity":30,"s:63:2:63:Infinity":31,"s:64:2:64:Infinity":32,"s:65:2:65:Infinity":33,"s:66:2:66:Infinity":34,"s:67:2:67:Infinity":35,"s:70:2:70:Infinity":36,"s:71:2:71:Infinity":37,"s:72:2:72:Infinity":38,"s:73:2:73:Infinity":39,"s:74:2:74:Infinity":40,"s:75:2:75:Infinity":41,"s:76:2:76:Infinity":42,"s:77:2:77:Infinity":43,"s:78:2:78:Infinity":44,"s:81:2:81:Infinity":45,"s:82:2:82:Infinity":46,"s:83:2:83:Infinity":47,"s:84:2:84:Infinity":48,"s:85:2:85:Infinity":49,"s:86:2:86:Infinity":50,"s:89:2:89:Infinity":51,"s:90:2:90:Infinity":52,"s:91:2:91:Infinity":53,"s:92:2:92:Infinity":54,"s:93:2:93:Infinity":55,"s:94:2:94:Infinity":56,"s:97:2:97:Infinity":57,"s:98:2:98:Infinity":58,"s:99:2:99:Infinity":59,"s:100:2:100:Infinity":60,"s:101:2:101:Infinity":61,"s:102:2:102:Infinity":62,"s:103:2:103:Infinity":63,"s:104:2:104:Infinity":64,"s:105:2:105:Infinity":65,"s:106:2:106:Infinity":66,"s:107:2:107:Infinity":67,"s:108:2:108:Infinity":68,"s:109:2:109:Infinity":69,"s:110:2:110:Infinity":70,"s:113:2:113:Infinity":71,"s:114:2:114:Infinity":72,"s:115:2:115:Infinity":73,"s:116:2:116:Infinity":74,"s:117:2:117:Infinity":75,"s:118:2:118:Infinity":76,"s:119:2:119:Infinity":77,"s:120:2:120:Infinity":78,"s:121:2:121:Infinity":79,"s:124:2:124:Infinity":80,"s:125:2:125:Infinity":81,"s:126:2:126:Infinity":82,"s:127:2:127:Infinity":83,"s:128:2:128:Infinity":84,"s:129:2:129:Infinity":85,"s:132:2:132:Infinity":86,"s:133:2:133:Infinity":87,"s:134:2:134:Infinity":88,"s:135:2:135:Infinity":89,"s:136:2:136:Infinity":90,"s:137:2:137:Infinity":91,"s:138:2:138:Infinity":92,"s:139:2:139:Infinity":93,"s:140:2:140:Infinity":94,"s:143:2:143:Infinity":95,"s:144:2:144:Infinity":96,"s:145:2:145:Infinity":97,"s:146:2:146:Infinity":98,"s:149:2:149:Infinity":99,"s:150:2:150:Infinity":100,"s:151:2:151:Infinity":101,"s:152:2:152:Infinity":102,"s:153:2:153:Infinity":103,"s:156:2:156:Infinity":104,"s:157:2:157:Infinity":105,"s:158:2:158:Infinity":106,"s:159:2:159:Infinity":107,"s:160:2:160:Infinity":108,"s:163:2:163:Infinity":109,"s:164:2:164:Infinity":110,"s:165:2:165:Infinity":111,"s:166:2:166:Infinity":112,"s:167:2:167:Infinity":113,"s:168:2:168:Infinity":114,"s:169:2:169:Infinity":115,"s:172:2:172:Infinity":116,"s:173:2:173:Infinity":117,"s:174:2:174:Infinity":118,"s:175:2:175:Infinity":119,"s:176:2:176:Infinity":120,"s:177:2:177:Infinity":121,"s:180:2:180:Infinity":122,"s:181:2:181:Infinity":123,"s:182:2:182:Infinity":124,"s:183:2:183:Infinity":125,"s:184:2:184:Infinity":126,"s:185:2:185:Infinity":127,"s:187:2:187:Infinity":128,"s:190:27:190:40":129}}}
,"/Users/george/TeamBuilder/team-builder/src/data/mocks.ts": {"path":"/Users/george/TeamBuilder/team-builder/src/data/mocks.ts","statementMap":{"0":{"start":{"line":76,"column":13},"end":{"line":78,"column":null}},"1":{"start":{"line":76,"column":61},"end":{"line":78,"column":null}},"2":{"start":{"line":80,"column":48},"end":{"line":89,"column":null}},"3":{"start":{"line":91,"column":55},"end":{"line":98,"column":null}},"4":{"start":{"line":100,"column":34},"end":{"line":107,"column":null}},"5":{"start":{"line":109,"column":38},"end":{"line":114,"column":null}},"6":{"start":{"line":116,"column":39},"end":{"line":177,"column":null}},"7":{"start":{"line":179,"column":81},"end":{"line":198,"column":null}}},"fnMap":{"0":{"name":"(anonymous_0)","decl":{"start":{"line":76,"column":13},"end":{"line":76,"column":33}},"loc":{"start":{"line":76,"column":61},"end":{"line":78,"column":null}},"line":76}},"branchMap":{},"s":{"0":7,"1":894,"2":7,"3":7,"4":7,"5":7,"6":7,"7":7},"f":{"0":894},"b":{},"meta":{"lastBranch":0,"lastFunction":1,"lastStatement":8,"seen":{"s:76:13:78:Infinity":0,"f:76:13:76:33":0,"s:76:61:78:Infinity":1,"s:80:48:89:Infinity":2,"s:91:55:98:Infinity":3,"s:100:34:107:Infinity":4,"s:109:38:114:Infinity":5,"s:116:39:177:Infinity":6,"s:179:81:198:Infinity":7}}}
,"/Users/george/TeamBuilder/team-builder/src/data/natures.ts": {"path":"/Users/george/TeamBuilder/team-builder/src/data/natures.ts","statementMap":{"0":{"start":{"line":3,"column":33},"end":{"line":29,"column":null}},"1":{"start":{"line":31,"column":56},"end":{"line":38,"column":null}}},"fnMap":{},"branchMap":{},"s":{"0":3,"1":3},"f":{},"b":{},"meta":{"lastBranch":0,"lastFunction":0,"lastStatement":2,"seen":{"s:3:33:29:Infinity":0,"s:31:56:38:Infinity":1}}}
,"/Users/george/TeamBuilder/team-builder/src/lib/api.ts": {"path":"/Users/george/TeamBuilder/team-builder/src/lib/api.ts","statementMap":{"0":{"start":{"line":3,"column":17},"end":{"line":3,"column":null}},"1":{"start":{"line":38,"column":29},"end":{"line":41,"column":null}},"2":{"start":{"line":39,"column":19},"end":{"line":39,"column":65}},"3":{"start":{"line":40,"column":2},"end":{"line":40,"column":null}},"4":{"start":{"line":40,"column":20},"end":{"line":40,"column":null}},"5":{"start":{"line":41,"column":2},"end":{"line":41,"column":null}},"6":{"start":{"line":44,"column":32},"end":{"line":47,"column":null}},"7":{"start":{"line":45,"column":19},"end":{"line":45,"column":81}},"8":{"start":{"line":46,"column":2},"end":{"line":46,"column":null}},"9":{"start":{"line":46,"column":20},"end":{"line":46,"column":null}},"10":{"start":{"line":47,"column":2},"end":{"line":47,"column":null}},"11":{"start":{"line":50,"column":38},"end":{"line":53,"column":null}},"12":{"start":{"line":51,"column":19},"end":{"line":51,"column":79}},"13":{"start":{"line":52,"column":2},"end":{"line":52,"column":null}},"14":{"start":{"line":52,"column":20},"end":{"line":52,"column":null}},"15":{"start":{"line":53,"column":2},"end":{"line":53,"column":null}},"16":{"start":{"line":56,"column":26},"end":{"line":59,"column":null}},"17":{"start":{"line":57,"column":19},"end":{"line":57,"column":47}},"18":{"start":{"line":58,"column":2},"end":{"line":58,"column":null}},"19":{"start":{"line":58,"column":20},"end":{"line":58,"column":null}},"20":{"start":{"line":59,"column":2},"end":{"line":59,"column":null}},"21":{"start":{"line":72,"column":40},"end":{"line":75,"column":null}},"22":{"start":{"line":73,"column":19},"end":{"line":73,"column":95}},"23":{"start":{"line":74,"column":2},"end":{"line":74,"column":null}},"24":{"start":{"line":74,"column":20},"end":{"line":74,"column":null}},"25":{"start":{"line":75,"column":2},"end":{"line":75,"column":null}},"26":{"start":{"line":78,"column":33},"end":{"line":134,"column":null}},"27":{"start":{"line":79,"column":19},"end":{"line":79,"column":87}},"28":{"start":{"line":80,"column":2},"end":{"line":80,"column":null}},"29":{"start":{"line":80,"column":20},"end":{"line":80,"column":null}},"30":{"start":{"line":81,"column":15},"end":{"line":81,"column":36}},"31":{"start":{"line":83,"column":2},"end":{"line":134,"column":null}},"32":{"start":{"line":87,"column":38},"end":{"line":87,"column":65}},"33":{"start":{"line":89,"column":38},"end":{"line":89,"column":59}},"34":{"start":{"line":90,"column":42},"end":{"line":90,"column":67}},"35":{"start":{"line":91,"column":43},"end":{"line":91,"column":69}},"36":{"start":{"line":92,"column":49},"end":{"line":92,"column":82}},"37":{"start":{"line":93,"column":50},"end":{"line":93,"column":84}},"38":{"start":{"line":94,"column":41},"end":{"line":94,"column":65}},"39":{"start":{"line":100,"column":6},"end":{"line":119,"column":null}},"40":{"start":{"line":101,"column":27},"end":{"line":101,"column":65}},"41":{"start":{"line":102,"column":8},"end":{"line":102,"column":null}},"42":{"start":{"line":102,"column":28},"end":{"line":102,"column":null}},"43":{"start":{"line":103,"column":28},"end":{"line":103,"column":51}},"44":{"start":{"line":106,"column":24},"end":{"line":106,"column":98}},"45":{"start":{"line":106,"column":73},"end":{"line":106,"column":98}},"46":{"start":{"line":107,"column":28},"end":{"line":107,"column":null}},"47":{"start":{"line":109,"column":8},"end":{"line":113,"column":null}},"48":{"start":{"line":115,"column":8},"end":{"line":119,"column":null}},"49":{"start":{"line":122,"column":6},"end":{"line":126,"column":14}},"50":{"start":{"line":137,"column":30},"end":{"line":151,"column":null}},"51":{"start":{"line":138,"column":19},"end":{"line":138,"column":89}},"52":{"start":{"line":139,"column":2},"end":{"line":139,"column":null}},"53":{"start":{"line":139,"column":20},"end":{"line":139,"column":null}},"54":{"start":{"line":140,"column":15},"end":{"line":140,"column":36}},"55":{"start":{"line":142,"column":23},"end":{"line":142,"column":90}},"56":{"start":{"line":142,"column":65},"end":{"line":142,"column":90}},"57":{"start":{"line":144,"column":2},"end":{"line":151,"column":null}},"58":{"start":{"line":164,"column":27},"end":{"line":167,"column":null}},"59":{"start":{"line":165,"column":19},"end":{"line":165,"column":73}},"60":{"start":{"line":166,"column":2},"end":{"line":166,"column":null}},"61":{"start":{"line":166,"column":20},"end":{"line":166,"column":null}},"62":{"start":{"line":167,"column":2},"end":{"line":167,"column":null}},"63":{"start":{"line":170,"column":52},"end":{"line":180,"column":null}},"64":{"start":{"line":182,"column":30},"end":{"line":205,"column":null}},"65":{"start":{"line":183,"column":19},"end":{"line":183,"column":103}},"66":{"start":{"line":184,"column":2},"end":{"line":184,"column":null}},"67":{"start":{"line":184,"column":20},"end":{"line":184,"column":null}},"68":{"start":{"line":185,"column":15},"end":{"line":185,"column":36}},"69":{"start":{"line":187,"column":23},"end":{"line":187,"column":90}},"70":{"start":{"line":187,"column":65},"end":{"line":187,"column":90}},"71":{"start":{"line":191,"column":26},"end":{"line":193,"column":42}},"72":{"start":{"line":192,"column":24},"end":{"line":192,"column":74}},"73":{"start":{"line":193,"column":21},"end":{"line":193,"column":42}},"74":{"start":{"line":195,"column":8},"end":{"line":196,"column":null}},"75":{"start":{"line":196,"column":16},"end":{"line":196,"column":59}},"76":{"start":{"line":199,"column":2},"end":{"line":205,"column":null}}},"fnMap":{"0":{"name":"(anonymous_0)","decl":{"start":{"line":38,"column":29},"end":{"line":38,"column":71}},"loc":{"start":{"line":38,"column":71},"end":{"line":41,"column":null}},"line":38},"1":{"name":"(anonymous_1)","decl":{"start":{"line":44,"column":32},"end":{"line":44,"column":39}},"loc":{"start":{"line":44,"column":95},"end":{"line":47,"column":null}},"line":44},"2":{"name":"(anonymous_2)","decl":{"start":{"line":50,"column":38},"end":{"line":50,"column":45}},"loc":{"start":{"line":50,"column":114},"end":{"line":53,"column":null}},"line":50},"3":{"name":"(anonymous_3)","decl":{"start":{"line":56,"column":26},"end":{"line":56,"column":33}},"loc":{"start":{"line":56,"column":97},"end":{"line":59,"column":null}},"line":56},"4":{"name":"(anonymous_4)","decl":{"start":{"line":72,"column":40},"end":{"line":72,"column":47}},"loc":{"start":{"line":72,"column":119},"end":{"line":75,"column":null}},"line":72},"5":{"name":"(anonymous_5)","decl":{"start":{"line":78,"column":33},"end":{"line":78,"column":40}},"loc":{"start":{"line":78,"column":97},"end":{"line":134,"column":null}},"line":78},"6":{"name":"(anonymous_6)","decl":{"start":{"line":87,"column":22},"end":{"line":87,"column":27}},"loc":{"start":{"line":87,"column":38},"end":{"line":87,"column":65}},"line":87},"7":{"name":"(anonymous_7)","decl":{"start":{"line":89,"column":21},"end":{"line":89,"column":27}},"loc":{"start":{"line":89,"column":38},"end":{"line":89,"column":59}},"line":89},"8":{"name":"(anonymous_8)","decl":{"start":{"line":90,"column":25},"end":{"line":90,"column":31}},"loc":{"start":{"line":90,"column":42},"end":{"line":90,"column":67}},"line":90},"9":{"name":"(anonymous_9)","decl":{"start":{"line":91,"column":26},"end":{"line":91,"column":32}},"loc":{"start":{"line":91,"column":43},"end":{"line":91,"column":69}},"line":91},"10":{"name":"(anonymous_10)","decl":{"start":{"line":92,"column":32},"end":{"line":92,"column":38}},"loc":{"start":{"line":92,"column":49},"end":{"line":92,"column":82}},"line":92},"11":{"name":"(anonymous_11)","decl":{"start":{"line":93,"column":33},"end":{"line":93,"column":39}},"loc":{"start":{"line":93,"column":50},"end":{"line":93,"column":84}},"line":93},"12":{"name":"(anonymous_12)","decl":{"start":{"line":94,"column":24},"end":{"line":94,"column":30}},"loc":{"start":{"line":94,"column":41},"end":{"line":94,"column":65}},"line":94},"13":{"name":"(anonymous_13)","decl":{"start":{"line":99,"column":52},"end":{"line":99,"column":59}},"loc":{"start":{"line":99,"column":70},"end":{"line":121,"column":7}},"line":99},"14":{"name":"(anonymous_14)","decl":{"start":{"line":106,"column":56},"end":{"line":106,"column":62}},"loc":{"start":{"line":106,"column":73},"end":{"line":106,"column":98}},"line":106},"15":{"name":"(anonymous_15)","decl":{"start":{"line":121,"column":8},"end":{"line":121,"column":13}},"loc":{"start":{"line":122,"column":6},"end":{"line":126,"column":14}},"line":122},"16":{"name":"(anonymous_16)","decl":{"start":{"line":137,"column":30},"end":{"line":137,"column":37}},"loc":{"start":{"line":137,"column":91},"end":{"line":151,"column":null}},"line":137},"17":{"name":"(anonymous_17)","decl":{"start":{"line":142,"column":48},"end":{"line":142,"column":54}},"loc":{"start":{"line":142,"column":65},"end":{"line":142,"column":90}},"line":142},"18":{"name":"(anonymous_18)","decl":{"start":{"line":164,"column":27},"end":{"line":164,"column":34}},"loc":{"start":{"line":164,"column":86},"end":{"line":167,"column":null}},"line":164},"19":{"name":"(anonymous_19)","decl":{"start":{"line":182,"column":30},"end":{"line":182,"column":37}},"loc":{"start":{"line":182,"column":91},"end":{"line":205,"column":null}},"line":182},"20":{"name":"(anonymous_20)","decl":{"start":{"line":187,"column":48},"end":{"line":187,"column":54}},"loc":{"start":{"line":187,"column":65},"end":{"line":187,"column":90}},"line":187},"21":{"name":"(anonymous_21)","decl":{"start":{"line":192,"column":5},"end":{"line":192,"column":13}},"loc":{"start":{"line":192,"column":24},"end":{"line":192,"column":74}},"line":192},"22":{"name":"(anonymous_22)","decl":{"start":{"line":193,"column":5},"end":{"line":193,"column":10}},"loc":{"start":{"line":193,"column":21},"end":{"line":193,"column":42}},"line":193},"23":{"name":"(anonymous_23)","decl":{"start":{"line":195,"column":52},"end":{"line":195,"column":null}},"loc":{"start":{"line":196,"column":16},"end":{"line":196,"column":59}},"line":196}},"branchMap":{"0":{"loc":{"start":{"line":40,"column":2},"end":{"line":40,"column":null}},"type":"if","locations":[{"start":{"line":40,"column":2},"end":{"line":40,"column":null}},{"start":{},"end":{}}],"line":40},"1":{"loc":{"start":{"line":46,"column":2},"end":{"line":46,"column":null}},"type":"if","locations":[{"start":{"line":46,"column":2},"end":{"line":46,"column":null}},{"start":{},"end":{}}],"line":46},"2":{"loc":{"start":{"line":52,"column":2},"end":{"line":52,"column":null}},"type":"if","locations":[{"start":{"line":52,"column":2},"end":{"line":52,"column":null}},{"start":{},"end":{}}],"line":52},"3":{"loc":{"start":{"line":58,"column":2},"end":{"line":58,"column":null}},"type":"if","locations":[{"start":{"line":58,"column":2},"end":{"line":58,"column":null}},{"start":{},"end":{}}],"line":58},"4":{"loc":{"start":{"line":74,"column":2},"end":{"line":74,"column":null}},"type":"if","locations":[{"start":{"line":74,"column":2},"end":{"line":74,"column":null}},{"start":{},"end":{}}],"line":74},"5":{"loc":{"start":{"line":80,"column":2},"end":{"line":80,"column":null}},"type":"if","locations":[{"start":{"line":80,"column":2},"end":{"line":80,"column":null}},{"start":{},"end":{}}],"line":80},"6":{"loc":{"start":{"line":89,"column":10},"end":{"line":89,"column":null}},"type":"binary-expr","locations":[{"start":{"line":89,"column":10},"end":{"line":89,"column":74}},{"start":{"line":89,"column":74},"end":{"line":89,"column":null}}],"line":89},"7":{"loc":{"start":{"line":90,"column":14},"end":{"line":90,"column":null}},"type":"binary-expr","locations":[{"start":{"line":90,"column":14},"end":{"line":90,"column":82}},{"start":{"line":90,"column":82},"end":{"line":90,"column":null}}],"line":90},"8":{"loc":{"start":{"line":91,"column":15},"end":{"line":91,"column":null}},"type":"binary-expr","locations":[{"start":{"line":91,"column":15},"end":{"line":91,"column":84}},{"start":{"line":91,"column":84},"end":{"line":91,"column":null}}],"line":91},"9":{"loc":{"start":{"line":92,"column":21},"end":{"line":92,"column":null}},"type":"binary-expr","locations":[{"start":{"line":92,"column":21},"end":{"line":92,"column":97}},{"start":{"line":92,"column":97},"end":{"line":92,"column":null}}],"line":92},"10":{"loc":{"start":{"line":93,"column":22},"end":{"line":93,"column":null}},"type":"binary-expr","locations":[{"start":{"line":93,"column":22},"end":{"line":93,"column":99}},{"start":{"line":93,"column":99},"end":{"line":93,"column":null}}],"line":93},"11":{"loc":{"start":{"line":94,"column":13},"end":{"line":94,"column":null}},"type":"binary-expr","locations":[{"start":{"line":94,"column":13},"end":{"line":94,"column":80}},{"start":{"line":94,"column":80},"end":{"line":94,"column":null}}],"line":94},"12":{"loc":{"start":{"line":96,"column":15},"end":{"line":98,"column":null}},"type":"binary-expr","locations":[{"start":{"line":96,"column":15},"end":{"line":96,"column":null}},{"start":{"line":97,"column":9},"end":{"line":97,"column":null}},{"start":{"line":98,"column":9},"end":{"line":98,"column":null}}],"line":96},"13":{"loc":{"start":{"line":102,"column":8},"end":{"line":102,"column":null}},"type":"if","locations":[{"start":{"line":102,"column":8},"end":{"line":102,"column":null}},{"start":{},"end":{}}],"line":102},"14":{"loc":{"start":{"line":107,"column":28},"end":{"line":107,"column":null}},"type":"cond-expr","locations":[{"start":{"line":107,"column":38},"end":{"line":107,"column":81}},{"start":{"line":107,"column":84},"end":{"line":107,"column":null}}],"line":107},"15":{"loc":{"start":{"line":122,"column":23},"end":{"line":126,"column":13}},"type":"cond-expr","locations":[{"start":{"line":122,"column":59},"end":{"line":126,"column":8}},{"start":{"line":126,"column":11},"end":{"line":126,"column":13}}],"line":122},"16":{"loc":{"start":{"line":130,"column":11},"end":{"line":133,"column":null}},"type":"cond-expr","locations":[{"start":{"line":130,"column":24},"end":{"line":133,"column":8}},{"start":{"line":133,"column":8},"end":{"line":133,"column":null}}],"line":130},"17":{"loc":{"start":{"line":131,"column":14},"end":{"line":131,"column":null}},"type":"binary-expr","locations":[{"start":{"line":131,"column":14},"end":{"line":131,"column":35}},{"start":{"line":131,"column":35},"end":{"line":131,"column":null}}],"line":131},"18":{"loc":{"start":{"line":132,"column":14},"end":{"line":132,"column":null}},"type":"binary-expr","locations":[{"start":{"line":132,"column":14},"end":{"line":132,"column":35}},{"start":{"line":132,"column":35},"end":{"line":132,"column":null}}],"line":132},"19":{"loc":{"start":{"line":139,"column":2},"end":{"line":139,"column":null}},"type":"if","locations":[{"start":{"line":139,"column":2},"end":{"line":139,"column":null}},{"start":{},"end":{}}],"line":139},"20":{"loc":{"start":{"line":147,"column":14},"end":{"line":147,"column":null}},"type":"binary-expr","locations":[{"start":{"line":147,"column":14},"end":{"line":147,"column":78}},{"start":{"line":147,"column":78},"end":{"line":147,"column":null}}],"line":147},"21":{"loc":{"start":{"line":150,"column":17},"end":{"line":150,"column":null}},"type":"cond-expr","locations":[{"start":{"line":150,"column":32},"end":{"line":150,"column":82}},{"start":{"line":150,"column":85},"end":{"line":150,"column":null}}],"line":150},"22":{"loc":{"start":{"line":166,"column":2},"end":{"line":166,"column":null}},"type":"if","locations":[{"start":{"line":166,"column":2},"end":{"line":166,"column":null}},{"start":{},"end":{}}],"line":166},"23":{"loc":{"start":{"line":184,"column":2},"end":{"line":184,"column":null}},"type":"if","locations":[{"start":{"line":184,"column":2},"end":{"line":184,"column":null}},{"start":{},"end":{}}],"line":184},"24":{"loc":{"start":{"line":192,"column":24},"end":{"line":192,"column":74}},"type":"binary-expr","locations":[{"start":{"line":192,"column":24},"end":{"line":192,"column":52}},{"start":{"line":192,"column":52},"end":{"line":192,"column":74}}],"line":192},"25":{"loc":{"start":{"line":195,"column":27},"end":{"line":195,"column":50}},"type":"binary-expr","locations":[{"start":{"line":195,"column":27},"end":{"line":195,"column":48}},{"start":{"line":195,"column":48},"end":{"line":195,"column":50}}],"line":195},"26":{"loc":{"start":{"line":196,"column":16},"end":{"line":196,"column":59}},"type":"binary-expr","locations":[{"start":{"line":196,"column":16},"end":{"line":196,"column":57}},{"start":{"line":196,"column":57},"end":{"line":196,"column":59}}],"line":196},"27":{"loc":{"start":{"line":201,"column":17},"end":{"line":201,"column":null}},"type":"cond-expr","locations":[{"start":{"line":201,"column":32},"end":{"line":201,"column":75}},{"start":{"line":201,"column":78},"end":{"line":201,"column":null}}],"line":201},"28":{"loc":{"start":{"line":202,"column":15},"end":{"line":202,"column":null}},"type":"binary-expr","locations":[{"start":{"line":202,"column":15},"end":{"line":202,"column":40}},{"start":{"line":202,"column":40},"end":{"line":202,"column":null}}],"line":202},"29":{"loc":{"start":{"line":203,"column":14},"end":{"line":203,"column":null}},"type":"binary-expr","locations":[{"start":{"line":203,"column":14},"end":{"line":203,"column":37}},{"start":{"line":203,"column":37},"end":{"line":203,"column":null}}],"line":203}},"s":{"0":2,"1":2,"2":0,"3":0,"4":0,"5":0,"6":2,"7":0,"8":0,"9":0,"10":0,"11":2,"12":0,"13":0,"14":0,"15":0,"16":2,"17":0,"18":0,"19":0,"20":0,"21":2,"22":0,"23":0,"24":0,"25":0,"26":2,"27":5,"28":5,"29":0,"30":5,"31":5,"32":10,"33":5,"34":10,"35":15,"36":20,"37":25,"38":30,"39":9,"40":9,"41":9,"42":0,"43":9,"44":9,"45":9,"46":9,"47":9,"48":0,"49":5,"50":2,"51":1,"52":1,"53":0,"54":1,"55":1,"56":1,"57":1,"58":2,"59":0,"60":0,"61":0,"62":0,"63":2,"64":2,"65":1,"66":1,"67":0,"68":1,"69":1,"70":1,"71":1,"72":1,"73":1,"74":1,"75":1,"76":1},"f":{"0":0,"1":0,"2":0,"3":0,"4":0,"5":5,"6":10,"7":5,"8":10,"9":15,"10":20,"11":25,"12":30,"13":9,"14":9,"15":5,"16":1,"17":1,"18":0,"19":1,"20":1,"21":1,"22":1,"23":1},"b":{"0":[0,0],"1":[0,0],"2":[0,0],"3":[0,0],"4":[0,0],"5":[0,5],"6":[5,0],"7":[5,0],"8":[5,0],"9":[5,0],"10":[5,0],"11":[5,0],"12":[5,0,0],"13":[0,9],"14":[9,0],"15":[1,4],"16":[5,0],"17":[5,0],"18":[5,5],"19":[0,1],"20":[1,0],"21":[1,0],"22":[0,0],"23":[0,1],"24":[1,1],"25":[1,0],"26":[1,0],"27":[1,0],"28":[1,0],"29":[1,0]},"meta":{"lastBranch":30,"lastFunction":24,"lastStatement":77,"seen":{"s:3:17:3:Infinity":0,"s:38:29:41:Infinity":1,"f:38:29:38:71":0,"s:39:19:39:65":2,"b:40:2:40:Infinity:undefined:undefined:undefined:undefined":0,"s:40:2:40:Infinity":3,"s:40:20:40:Infinity":4,"s:41:2:41:Infinity":5,"s:44:32:47:Infinity":6,"f:44:32:44:39":1,"s:45:19:45:81":7,"b:46:2:46:Infinity:undefined:undefined:undefined:undefined":1,"s:46:2:46:Infinity":8,"s:46:20:46:Infinity":9,"s:47:2:47:Infinity":10,"s:50:38:53:Infinity":11,"f:50:38:50:45":2,"s:51:19:51:79":12,"b:52:2:52:Infinity:undefined:undefined:undefined:undefined":2,"s:52:2:52:Infinity":13,"s:52:20:52:Infinity":14,"s:53:2:53:Infinity":15,"s:56:26:59:Infinity":16,"f:56:26:56:33":3,"s:57:19:57:47":17,"b:58:2:58:Infinity:undefined:undefined:undefined:undefined":3,"s:58:2:58:Infinity":18,"s:58:20:58:Infinity":19,"s:59:2:59:Infinity":20,"s:72:40:75:Infinity":21,"f:72:40:72:47":4,"s:73:19:73:95":22,"b:74:2:74:Infinity:undefined:undefined:undefined:undefined":4,"s:74:2:74:Infinity":23,"s:74:20:74:Infinity":24,"s:75:2:75:Infinity":25,"s:78:33:134:Infinity":26,"f:78:33:78:40":5,"s:79:19:79:87":27,"b:80:2:80:Infinity:undefined:undefined:undefined:undefined":5,"s:80:2:80:Infinity":28,"s:80:20:80:Infinity":29,"s:81:15:81:36":30,"s:83:2:134:Infinity":31,"f:87:22:87:27":6,"s:87:38:87:65":32,"b:89:10:89:74:89:74:89:Infinity":6,"f:89:21:89:27":7,"s:89:38:89:59":33,"b:90:14:90:82:90:82:90:Infinity":7,"f:90:25:90:31":8,"s:90:42:90:67":34,"b:91:15:91:84:91:84:91:Infinity":8,"f:91:26:91:32":9,"s:91:43:91:69":35,"b:92:21:92:97:92:97:92:Infinity":9,"f:92:32:92:38":10,"s:92:49:92:82":36,"b:93:22:93:99:93:99:93:Infinity":10,"f:93:33:93:39":11,"s:93:50:93:84":37,"b:94:13:94:80:94:80:94:Infinity":11,"f:94:24:94:30":12,"s:94:41:94:65":38,"b:96:15:96:Infinity:97:9:97:Infinity:98:9:98:Infinity":12,"f:99:52:99:59":13,"s:100:6:119:Infinity":39,"s:101:27:101:65":40,"b:102:8:102:Infinity:undefined:undefined:undefined:undefined":13,"s:102:8:102:Infinity":41,"s:102:28:102:Infinity":42,"s:103:28:103:51":43,"s:106:24:106:98":44,"f:106:56:106:62":14,"s:106:73:106:98":45,"s:107:28:107:Infinity":46,"b:107:38:107:81:107:84:107:Infinity":14,"s:109:8:113:Infinity":47,"s:115:8:119:Infinity":48,"f:121:8:121:13":15,"s:122:6:126:14":49,"b:122:59:126:8:126:11:126:13":15,"b:130:24:133:8:133:8:133:Infinity":16,"b:131:14:131:35:131:35:131:Infinity":17,"b:132:14:132:35:132:35:132:Infinity":18,"s:137:30:151:Infinity":50,"f:137:30:137:37":16,"s:138:19:138:89":51,"b:139:2:139:Infinity:undefined:undefined:undefined:undefined":19,"s:139:2:139:Infinity":52,"s:139:20:139:Infinity":53,"s:140:15:140:36":54,"s:142:23:142:90":55,"f:142:48:142:54":17,"s:142:65:142:90":56,"s:144:2:151:Infinity":57,"b:147:14:147:78:147:78:147:Infinity":20,"b:150:32:150:82:150:85:150:Infinity":21,"s:164:27:167:Infinity":58,"f:164:27:164:34":18,"s:165:19:165:73":59,"b:166:2:166:Infinity:undefined:undefined:undefined:undefined":22,"s:166:2:166:Infinity":60,"s:166:20:166:Infinity":61,"s:167:2:167:Infinity":62,"s:170:52:180:Infinity":63,"s:182:30:205:Infinity":64,"f:182:30:182:37":19,"s:183:19:183:103":65,"b:184:2:184:Infinity:undefined:undefined:undefined:undefined":23,"s:184:2:184:Infinity":66,"s:184:20:184:Infinity":67,"s:185:15:185:36":68,"s:187:23:187:90":69,"f:187:48:187:54":20,"s:187:65:187:90":70,"s:191:26:193:42":71,"f:192:5:192:13":21,"s:192:24:192:74":72,"b:192:24:192:52:192:52:192:74":24,"f:193:5:193:10":22,"s:193:21:193:42":73,"s:195:8:196:Infinity":74,"b:195:27:195:48:195:48:195:50":25,"f:195:52:195:Infinity":23,"s:196:16:196:59":75,"b:196:16:196:57:196:57:196:59":26,"s:199:2:205:Infinity":76,"b:201:32:201:75:201:78:201:Infinity":27,"b:202:15:202:40:202:40:202:Infinity":28,"b:203:14:203:37:203:37:203:Infinity":29}}}
,"/Users/george/TeamBuilder/team-builder/src/lib/coverageAnalysis.ts": {"path":"/Users/george/TeamBuilder/team-builder/src/lib/coverageAnalysis.ts","statementMap":{"0":{"start":{"line":51,"column":22},"end":{"line":51,"column":58}},"1":{"start":{"line":51,"column":39},"end":{"line":51,"column":58}},"2":{"start":{"line":52,"column":19},"end":{"line":52,"column":42}},"3":{"start":{"line":54,"column":19},"end":{"line":103,"column":null}},"4":{"start":{"line":56,"column":22},"end":{"line":62,"column":null}},"5":{"start":{"line":57,"column":12},"end":{"line":57,"column":47}},"6":{"start":{"line":58,"column":17},"end":{"line":58,"column":null}},"7":{"start":{"line":60,"column":6},"end":{"line":60,"column":null}},"8":{"start":{"line":60,"column":25},"end":{"line":60,"column":68}},"9":{"start":{"line":61,"column":6},"end":{"line":61,"column":null}},"10":{"start":{"line":65,"column":22},"end":{"line":71,"column":null}},"11":{"start":{"line":66,"column":22},"end":{"line":67,"column":null}},"12":{"start":{"line":67,"column":13},"end":{"line":67,"column":null}},"13":{"start":{"line":69,"column":6},"end":{"line":69,"column":null}},"14":{"start":{"line":69,"column":30},"end":{"line":69,"column":null}},"15":{"start":{"line":70,"column":6},"end":{"line":70,"column":null}},"16":{"start":{"line":73,"column":27},"end":{"line":73,"column":69}},"17":{"start":{"line":73,"column":58},"end":{"line":73,"column":65}},"18":{"start":{"line":74,"column":27},"end":{"line":74,"column":69}},"19":{"start":{"line":74,"column":58},"end":{"line":74,"column":65}},"20":{"start":{"line":75,"column":22},"end":{"line":75,"column":null}},"21":{"start":{"line":75,"column":44},"end":{"line":75,"column":56}},"22":{"start":{"line":78,"column":34},"end":{"line":78,"column":null}},"23":{"start":{"line":79,"column":30},"end":{"line":79,"column":null}},"24":{"start":{"line":80,"column":32},"end":{"line":80,"column":null}},"25":{"start":{"line":83,"column":21},"end":{"line":83,"column":null}},"26":{"start":{"line":84,"column":30},"end":{"line":84,"column":null}},"27":{"start":{"line":87,"column":22},"end":{"line":87,"column":null}},"28":{"start":{"line":89,"column":4},"end":{"line":102,"column":null}},"29":{"start":{"line":106,"column":34},"end":{"line":108,"column":85}},"30":{"start":{"line":107,"column":17},"end":{"line":107,"column":37}},"31":{"start":{"line":108,"column":20},"end":{"line":108,"column":85}},"32":{"start":{"line":110,"column":23},"end":{"line":112,"column":56}},"33":{"start":{"line":111,"column":17},"end":{"line":111,"column":51}},"34":{"start":{"line":112,"column":20},"end":{"line":112,"column":56}},"35":{"start":{"line":114,"column":28},"end":{"line":116,"column":60}},"36":{"start":{"line":115,"column":17},"end":{"line":115,"column":29}},"37":{"start":{"line":116,"column":20},"end":{"line":116,"column":60}},"38":{"start":{"line":118,"column":21},"end":{"line":118,"column":55}},"39":{"start":{"line":118,"column":42},"end":{"line":118,"column":55}},"40":{"start":{"line":120,"column":2},"end":{"line":126,"column":null}}},"fnMap":{"0":{"name":"analyzeCoverage","decl":{"start":{"line":50,"column":16},"end":{"line":50,"column":32}},"loc":{"start":{"line":50,"column":98},"end":{"line":126,"column":null}},"line":50},"1":{"name":"(anonymous_1)","decl":{"start":{"line":51,"column":27},"end":{"line":51,"column":34}},"loc":{"start":{"line":51,"column":39},"end":{"line":51,"column":58}},"line":51},"2":{"name":"(anonymous_2)","decl":{"start":{"line":54,"column":28},"end":{"line":54,"column":32}},"loc":{"start":{"line":54,"column":46},"end":{"line":103,"column":null}},"line":54},"3":{"name":"(anonymous_3)","decl":{"start":{"line":56,"column":34},"end":{"line":56,"column":38}},"loc":{"start":{"line":56,"column":46},"end":{"line":62,"column":null}},"line":56},"4":{"name":"(anonymous_4)","decl":{"start":{"line":60,"column":12},"end":{"line":60,"column":20}},"loc":{"start":{"line":60,"column":25},"end":{"line":60,"column":68}},"line":60},"5":{"name":"(anonymous_5)","decl":{"start":{"line":65,"column":34},"end":{"line":65,"column":42}},"loc":{"start":{"line":65,"column":50},"end":{"line":71,"column":null}},"line":65},"6":{"name":"(anonymous_6)","decl":{"start":{"line":66,"column":33},"end":{"line":66,"column":null}},"loc":{"start":{"line":67,"column":13},"end":{"line":67,"column":null}},"line":67},"7":{"name":"(anonymous_7)","decl":{"start":{"line":73,"column":49},"end":{"line":73,"column":53}},"loc":{"start":{"line":73,"column":58},"end":{"line":73,"column":65}},"line":73},"8":{"name":"(anonymous_8)","decl":{"start":{"line":74,"column":49},"end":{"line":74,"column":53}},"loc":{"start":{"line":74,"column":58},"end":{"line":74,"column":65}},"line":74},"9":{"name":"(anonymous_9)","decl":{"start":{"line":75,"column":32},"end":{"line":75,"column":39}},"loc":{"start":{"line":75,"column":44},"end":{"line":75,"column":56}},"line":75},"10":{"name":"(anonymous_10)","decl":{"start":{"line":107,"column":5},"end":{"line":107,"column":12}},"loc":{"start":{"line":107,"column":17},"end":{"line":107,"column":37}},"line":107},"11":{"name":"(anonymous_11)","decl":{"start":{"line":108,"column":5},"end":{"line":108,"column":11}},"loc":{"start":{"line":108,"column":20},"end":{"line":108,"column":85}},"line":108},"12":{"name":"(anonymous_12)","decl":{"start":{"line":111,"column":5},"end":{"line":111,"column":12}},"loc":{"start":{"line":111,"column":17},"end":{"line":111,"column":51}},"line":111},"13":{"name":"(anonymous_13)","decl":{"start":{"line":112,"column":5},"end":{"line":112,"column":11}},"loc":{"start":{"line":112,"column":20},"end":{"line":112,"column":56}},"line":112},"14":{"name":"(anonymous_14)","decl":{"start":{"line":115,"column":5},"end":{"line":115,"column":12}},"loc":{"start":{"line":115,"column":17},"end":{"line":115,"column":29}},"line":115},"15":{"name":"(anonymous_15)","decl":{"start":{"line":116,"column":5},"end":{"line":116,"column":11}},"loc":{"start":{"line":116,"column":20},"end":{"line":116,"column":60}},"line":116},"16":{"name":"(anonymous_16)","decl":{"start":{"line":118,"column":30},"end":{"line":118,"column":37}},"loc":{"start":{"line":118,"column":42},"end":{"line":118,"column":55}},"line":118}},"branchMap":{"0":{"loc":{"start":{"line":60,"column":34},"end":{"line":60,"column":68}},"type":"binary-expr","locations":[{"start":{"line":60,"column":34},"end":{"line":60,"column":65}},{"start":{"line":60,"column":65},"end":{"line":60,"column":68}}],"line":60},"1":{"loc":{"start":{"line":67,"column":13},"end":{"line":67,"column":null}},"type":"binary-expr","locations":[{"start":{"line":67,"column":13},"end":{"line":67,"column":18}},{"start":{"line":67,"column":18},"end":{"line":67,"column":46}},{"start":{"line":67,"column":33},"end":{"line":67,"column":null}}],"line":67},"2":{"loc":{"start":{"line":67,"column":46},"end":{"line":67,"column":87}},"type":"binary-expr","locations":[{"start":{"line":67,"column":46},"end":{"line":67,"column":82}},{"start":{"line":67,"column":82},"end":{"line":67,"column":87}}],"line":67},"3":{"loc":{"start":{"line":69,"column":6},"end":{"line":69,"column":null}},"type":"if","locations":[{"start":{"line":69,"column":6},"end":{"line":69,"column":null}},{"start":{},"end":{}}],"line":69},"4":{"loc":{"start":{"line":78,"column":34},"end":{"line":78,"column":null}},"type":"binary-expr","locations":[{"start":{"line":78,"column":34},"end":{"line":78,"column":57}},{"start":{"line":78,"column":57},"end":{"line":78,"column":null}}],"line":78},"5":{"loc":{"start":{"line":80,"column":32},"end":{"line":80,"column":null}},"type":"binary-expr","locations":[{"start":{"line":80,"column":32},"end":{"line":80,"column":55}},{"start":{"line":80,"column":55},"end":{"line":80,"column":77}},{"start":{"line":80,"column":77},"end":{"line":80,"column":null}}],"line":80},"6":{"loc":{"start":{"line":84,"column":30},"end":{"line":84,"column":null}},"type":"binary-expr","locations":[{"start":{"line":84,"column":30},"end":{"line":84,"column":57}},{"start":{"line":84,"column":57},"end":{"line":84,"column":null}}],"line":84},"7":{"loc":{"start":{"line":108,"column":20},"end":{"line":108,"column":85}},"type":"binary-expr","locations":[{"start":{"line":108,"column":20},"end":{"line":108,"column":49}},{"start":{"line":108,"column":49},"end":{"line":108,"column":85}}],"line":108},"8":{"loc":{"start":{"line":111,"column":17},"end":{"line":111,"column":51}},"type":"binary-expr","locations":[{"start":{"line":111,"column":17},"end":{"line":111,"column":31}},{"start":{"line":111,"column":31},"end":{"line":111,"column":51}}],"line":111}},"s":{"0":14,"1":84,"2":14,"3":14,"4":252,"5":576,"6":576,"7":576,"8":1062,"9":576,"10":252,"11":576,"12":2304,"13":576,"14":94,"15":482,"16":252,"17":576,"18":252,"19":576,"20":252,"21":576,"22":252,"23":252,"24":252,"25":252,"26":252,"27":252,"28":252,"29":14,"30":252,"31":2,"32":14,"33":252,"34":57,"35":14,"36":252,"37":153,"38":14,"39":252,"40":14},"f":{"0":14,"1":84,"2":252,"3":576,"4":1062,"5":576,"6":2304,"7":576,"8":576,"9":576,"10":252,"11":2,"12":252,"13":57,"14":252,"15":153,"16":252},"b":{"0":[1062,0],"1":[2304,594,504],"2":[504,0],"3":[94,482],"4":[252,75],"5":[252,75,43],"6":[252,229],"7":[2,2],"8":[252,221]},"meta":{"lastBranch":9,"lastFunction":17,"lastStatement":41,"seen":{"f:50:16:50:32":0,"s:51:22:51:58":0,"f:51:27:51:34":1,"s:51:39:51:58":1,"s:52:19:52:42":2,"s:54:19:103:Infinity":3,"f:54:28:54:32":2,"s:56:22:62:Infinity":4,"f:56:34:56:38":3,"s:57:12:57:47":5,"s:58:17:58:Infinity":6,"s:60:6:60:Infinity":7,"f:60:12:60:20":4,"s:60:25:60:68":8,"b:60:34:60:65:60:65:60:68":0,"s:61:6:61:Infinity":9,"s:65:22:71:Infinity":10,"f:65:34:65:42":5,"s:66:22:67:Infinity":11,"f:66:33:66:Infinity":6,"s:67:13:67:Infinity":12,"b:67:13:67:18:67:18:67:46:67:33:67:Infinity":1,"b:67:46:67:82:67:82:67:87":2,"b:69:6:69:Infinity:undefined:undefined:undefined:undefined":3,"s:69:6:69:Infinity":13,"s:69:30:69:Infinity":14,"s:70:6:70:Infinity":15,"s:73:27:73:69":16,"f:73:49:73:53":7,"s:73:58:73:65":17,"s:74:27:74:69":18,"f:74:49:74:53":8,"s:74:58:74:65":19,"s:75:22:75:Infinity":20,"f:75:32:75:39":9,"s:75:44:75:56":21,"s:78:34:78:Infinity":22,"b:78:34:78:57:78:57:78:Infinity":4,"s:79:30:79:Infinity":23,"s:80:32:80:Infinity":24,"b:80:32:80:55:80:55:80:77:80:77:80:Infinity":5,"s:83:21:83:Infinity":25,"s:84:30:84:Infinity":26,"b:84:30:84:57:84:57:84:Infinity":6,"s:87:22:87:Infinity":27,"s:89:4:102:Infinity":28,"s:106:34:108:85":29,"f:107:5:107:12":10,"s:107:17:107:37":30,"f:108:5:108:11":11,"s:108:20:108:85":31,"b:108:20:108:49:108:49:108:85":7,"s:110:23:112:56":32,"f:111:5:111:12":12,"s:111:17:111:51":33,"b:111:17:111:31:111:31:111:51":8,"f:112:5:112:11":13,"s:112:20:112:56":34,"s:114:28:116:60":35,"f:115:5:115:12":14,"s:115:17:115:29":36,"f:116:5:116:11":15,"s:116:20:116:60":37,"s:118:21:118:55":38,"f:118:30:118:37":16,"s:118:42:118:55":39,"s:120:2:126:Infinity":40}}}
,"/Users/george/TeamBuilder/team-builder/src/lib/formUnlock.ts": {"path":"/Users/george/TeamBuilder/team-builder/src/lib/formUnlock.ts","statementMap":{"0":{"start":{"line":17,"column":18},"end":{"line":17,"column":null}},"1":{"start":{"line":18,"column":2},"end":{"line":18,"column":null}},"2":{"start":{"line":18,"column":16},"end":{"line":18,"column":null}},"3":{"start":{"line":21,"column":2},"end":{"line":22,"column":null}},"4":{"start":{"line":22,"column":4},"end":{"line":22,"column":null}},"5":{"start":{"line":26,"column":2},"end":{"line":27,"column":null}},"6":{"start":{"line":27,"column":4},"end":{"line":27,"column":null}},"7":{"start":{"line":27,"column":32},"end":{"line":27,"column":74}},"8":{"start":{"line":31,"column":2},"end":{"line":44,"column":null}},"9":{"start":{"line":32,"column":4},"end":{"line":32,"column":null}},"10":{"start":{"line":32,"column":20},"end":{"line":32,"column":null}},"11":{"start":{"line":33,"column":21},"end":{"line":33,"column":49}},"12":{"start":{"line":35,"column":4},"end":{"line":37,"column":null}},"13":{"start":{"line":36,"column":6},"end":{"line":36,"column":null}},"14":{"start":{"line":36,"column":41},"end":{"line":36,"column":null}},"15":{"start":{"line":37,"column":6},"end":{"line":37,"column":null}},"16":{"start":{"line":37,"column":40},"end":{"line":37,"column":null}},"17":{"start":{"line":40,"column":4},"end":{"line":40,"column":null}},"18":{"start":{"line":40,"column":38},"end":{"line":40,"column":null}},"19":{"start":{"line":41,"column":4},"end":{"line":41,"column":null}},"20":{"start":{"line":41,"column":38},"end":{"line":41,"column":null}},"21":{"start":{"line":43,"column":4},"end":{"line":44,"column":null}},"22":{"start":{"line":44,"column":6},"end":{"line":44,"column":null}},"23":{"start":{"line":49,"column":2},"end":{"line":51,"column":null}},"24":{"start":{"line":50,"column":22},"end":{"line":50,"column":null}},"25":{"start":{"line":51,"column":4},"end":{"line":51,"column":null}},"26":{"start":{"line":55,"column":2},"end":{"line":56,"column":null}},"27":{"start":{"line":56,"column":4},"end":{"line":56,"column":null}},"28":{"start":{"line":60,"column":2},"end":{"line":61,"column":null}},"29":{"start":{"line":61,"column":4},"end":{"line":61,"column":null}},"30":{"start":{"line":65,"column":2},"end":{"line":65,"column":null}}},"fnMap":{"0":{"name":"checkFormUnlocked","decl":{"start":{"line":12,"column":16},"end":{"line":12,"column":null}},"loc":{"start":{"line":16,"column":11},"end":{"line":65,"column":null}},"line":16},"1":{"name":"(anonymous_1)","decl":{"start":{"line":27,"column":22},"end":{"line":27,"column":27}},"loc":{"start":{"line":27,"column":32},"end":{"line":27,"column":74}},"line":27}},"branchMap":{"0":{"loc":{"start":{"line":18,"column":2},"end":{"line":18,"column":null}},"type":"if","locations":[{"start":{"line":18,"column":2},"end":{"line":18,"column":null}},{"start":{},"end":{}}],"line":18},"1":{"loc":{"start":{"line":21,"column":2},"end":{"line":22,"column":null}},"type":"if","locations":[{"start":{"line":21,"column":2},"end":{"line":22,"column":null}},{"start":{},"end":{}}],"line":21},"2":{"loc":{"start":{"line":26,"column":2},"end":{"line":27,"column":null}},"type":"if","locations":[{"start":{"line":26,"column":2},"end":{"line":27,"column":null}},{"start":{},"end":{}}],"line":26},"3":{"loc":{"start":{"line":31,"column":2},"end":{"line":44,"column":null}},"type":"if","locations":[{"start":{"line":31,"column":2},"end":{"line":44,"column":null}},{"start":{},"end":{}}],"line":31},"4":{"loc":{"start":{"line":31,"column":6},"end":{"line":31,"column":62}},"type":"binary-expr","locations":[{"start":{"line":31,"column":6},"end":{"line":31,"column":31}},{"start":{"line":31,"column":35},"end":{"line":31,"column":62}}],"line":31},"5":{"loc":{"start":{"line":32,"column":4},"end":{"line":32,"column":null}},"type":"if","locations":[{"start":{"line":32,"column":4},"end":{"line":32,"column":null}},{"start":{},"end":{}}],"line":32},"6":{"loc":{"start":{"line":35,"column":4},"end":{"line":37,"column":null}},"type":"if","locations":[{"start":{"line":35,"column":4},"end":{"line":37,"column":null}},{"start":{},"end":{}}],"line":35},"7":{"loc":{"start":{"line":36,"column":6},"end":{"line":36,"column":null}},"type":"if","locations":[{"start":{"line":36,"column":6},"end":{"line":36,"column":null}},{"start":{},"end":{}}],"line":36},"8":{"loc":{"start":{"line":37,"column":6},"end":{"line":37,"column":null}},"type":"if","locations":[{"start":{"line":37,"column":6},"end":{"line":37,"column":null}},{"start":{},"end":{}}],"line":37},"9":{"loc":{"start":{"line":40,"column":4},"end":{"line":40,"column":null}},"type":"if","locations":[{"start":{"line":40,"column":4},"end":{"line":40,"column":null}},{"start":{},"end":{}}],"line":40},"10":{"loc":{"start":{"line":40,"column":45},"end":{"line":40,"column":101}},"type":"binary-expr","locations":[{"start":{"line":40,"column":45},"end":{"line":40,"column":71}},{"start":{"line":40,"column":75},"end":{"line":40,"column":101}}],"line":40},"11":{"loc":{"start":{"line":41,"column":4},"end":{"line":41,"column":null}},"type":"if","locations":[{"start":{"line":41,"column":4},"end":{"line":41,"column":null}},{"start":{},"end":{}}],"line":41},"12":{"loc":{"start":{"line":41,"column":45},"end":{"line":41,"column":101}},"type":"binary-expr","locations":[{"start":{"line":41,"column":45},"end":{"line":41,"column":71}},{"start":{"line":41,"column":75},"end":{"line":41,"column":101}}],"line":41},"13":{"loc":{"start":{"line":43,"column":4},"end":{"line":44,"column":null}},"type":"if","locations":[{"start":{"line":43,"column":4},"end":{"line":44,"column":null}},{"start":{},"end":{}}],"line":43},"14":{"loc":{"start":{"line":44,"column":13},"end":{"line":44,"column":90}},"type":"binary-expr","locations":[{"start":{"line":44,"column":13},"end":{"line":44,"column":37}},{"start":{"line":44,"column":41},"end":{"line":44,"column":90}}],"line":44},"15":{"loc":{"start":{"line":49,"column":2},"end":{"line":51,"column":null}},"type":"if","locations":[{"start":{"line":49,"column":2},"end":{"line":51,"column":null}},{"start":{},"end":{}}],"line":49},"16":{"loc":{"start":{"line":55,"column":2},"end":{"line":56,"column":null}},"type":"if","locations":[{"start":{"line":55,"column":2},"end":{"line":56,"column":null}},{"start":{},"end":{}}],"line":55},"17":{"loc":{"start":{"line":60,"column":2},"end":{"line":61,"column":null}},"type":"if","locations":[{"start":{"line":60,"column":2},"end":{"line":61,"column":null}},{"start":{},"end":{}}],"line":60}},"s":{"0":19,"1":19,"2":0,"3":19,"4":3,"5":16,"6":2,"7":5,"8":14,"9":7,"10":1,"11":6,"12":6,"13":3,"14":2,"15":1,"16":1,"17":3,"18":1,"19":2,"20":2,"21":1,"22":1,"23":7,"24":3,"25":3,"26":4,"27":2,"28":2,"29":1,"30":1},"f":{"0":19,"1":5},"b":{"0":[0,19],"1":[3,16],"2":[2,14],"3":[7,7],"4":[14,10],"5":[1,6],"6":[3,3],"7":[2,1],"8":[1,0],"9":[1,2],"10":[1,0],"11":[1,1],"12":[1,0],"13":[1,0],"14":[1,1],"15":[3,4],"16":[2,2],"17":[1,1]},"meta":{"lastBranch":18,"lastFunction":2,"lastStatement":31,"seen":{"f:12:16:12:Infinity":0,"s:17:18:17:Infinity":0,"b:18:2:18:Infinity:undefined:undefined:undefined:undefined":0,"s:18:2:18:Infinity":1,"s:18:16:18:Infinity":2,"b:21:2:22:Infinity:undefined:undefined:undefined:undefined":1,"s:21:2:22:Infinity":3,"s:22:4:22:Infinity":4,"b:26:2:27:Infinity:undefined:undefined:undefined:undefined":2,"s:26:2:27:Infinity":5,"s:27:4:27:Infinity":6,"f:27:22:27:27":1,"s:27:32:27:74":7,"b:31:2:44:Infinity:undefined:undefined:undefined:undefined":3,"s:31:2:44:Infinity":8,"b:31:6:31:31:31:35:31:62":4,"b:32:4:32:Infinity:undefined:undefined:undefined:undefined":5,"s:32:4:32:Infinity":9,"s:32:20:32:Infinity":10,"s:33:21:33:49":11,"b:35:4:37:Infinity:undefined:undefined:undefined:undefined":6,"s:35:4:37:Infinity":12,"b:36:6:36:Infinity:undefined:undefined:undefined:undefined":7,"s:36:6:36:Infinity":13,"s:36:41:36:Infinity":14,"b:37:6:37:Infinity:undefined:undefined:undefined:undefined":8,"s:37:6:37:Infinity":15,"s:37:40:37:Infinity":16,"b:40:4:40:Infinity:undefined:undefined:undefined:undefined":9,"s:40:4:40:Infinity":17,"s:40:38:40:Infinity":18,"b:40:45:40:71:40:75:40:101":10,"b:41:4:41:Infinity:undefined:undefined:undefined:undefined":11,"s:41:4:41:Infinity":19,"s:41:38:41:Infinity":20,"b:41:45:41:71:41:75:41:101":12,"b:43:4:44:Infinity:undefined:undefined:undefined:undefined":13,"s:43:4:44:Infinity":21,"s:44:6:44:Infinity":22,"b:44:13:44:37:44:41:44:90":14,"b:49:2:51:Infinity:undefined:undefined:undefined:undefined":15,"s:49:2:51:Infinity":23,"s:50:22:50:Infinity":24,"s:51:4:51:Infinity":25,"b:55:2:56:Infinity:undefined:undefined:undefined:undefined":16,"s:55:2:56:Infinity":26,"s:56:4:56:Infinity":27,"b:60:2:61:Infinity:undefined:undefined:undefined:undefined":17,"s:60:2:61:Infinity":28,"s:61:4:61:Infinity":29,"s:65:2:65:Infinity":30}}}
,"/Users/george/TeamBuilder/team-builder/src/lib/pokemonMath.ts": {"path":"/Users/george/TeamBuilder/team-builder/src/lib/pokemonMath.ts","statementMap":{"0":{"start":{"line":13,"column":2},"end":{"line":13,"column":null}},"1":{"start":{"line":13,"column":18},"end":{"line":13,"column":null}},"2":{"start":{"line":14,"column":2},"end":{"line":14,"column":null}},"3":{"start":{"line":27,"column":24},"end":{"line":27,"column":null}},"4":{"start":{"line":28,"column":2},"end":{"line":28,"column":null}},"5":{"start":{"line":35,"column":2},"end":{"line":35,"column":null}},"6":{"start":{"line":35,"column":15},"end":{"line":35,"column":null}},"7":{"start":{"line":36,"column":2},"end":{"line":36,"column":null}},"8":{"start":{"line":36,"column":76},"end":{"line":36,"column":null}},"9":{"start":{"line":37,"column":2},"end":{"line":37,"column":null}},"10":{"start":{"line":37,"column":76},"end":{"line":37,"column":null}},"11":{"start":{"line":38,"column":2},"end":{"line":38,"column":null}}},"fnMap":{"0":{"name":"calculateHP","decl":{"start":{"line":7,"column":16},"end":{"line":7,"column":null}},"loc":{"start":{"line":12,"column":10},"end":{"line":14,"column":null}},"line":12},"1":{"name":"calculateStat","decl":{"start":{"line":20,"column":16},"end":{"line":20,"column":null}},"loc":{"start":{"line":26,"column":10},"end":{"line":28,"column":null}},"line":26},"2":{"name":"getNatureModifier","decl":{"start":{"line":34,"column":16},"end":{"line":34,"column":34}},"loc":{"start":{"line":34,"column":91},"end":{"line":38,"column":null}},"line":34}},"branchMap":{"0":{"loc":{"start":{"line":13,"column":2},"end":{"line":13,"column":null}},"type":"if","locations":[{"start":{"line":13,"column":2},"end":{"line":13,"column":null}},{"start":{},"end":{}}],"line":13},"1":{"loc":{"start":{"line":35,"column":2},"end":{"line":35,"column":null}},"type":"if","locations":[{"start":{"line":35,"column":2},"end":{"line":35,"column":null}},{"start":{},"end":{}}],"line":35},"2":{"loc":{"start":{"line":36,"column":2},"end":{"line":36,"column":null}},"type":"if","locations":[{"start":{"line":36,"column":2},"end":{"line":36,"column":null}},{"start":{},"end":{}}],"line":36},"3":{"loc":{"start":{"line":36,"column":6},"end":{"line":36,"column":76}},"type":"binary-expr","locations":[{"start":{"line":36,"column":6},"end":{"line":36,"column":42}},{"start":{"line":36,"column":42},"end":{"line":36,"column":76}}],"line":36},"4":{"loc":{"start":{"line":37,"column":2},"end":{"line":37,"column":null}},"type":"if","locations":[{"start":{"line":37,"column":2},"end":{"line":37,"column":null}},{"start":{},"end":{}}],"line":37},"5":{"loc":{"start":{"line":37,"column":6},"end":{"line":37,"column":76}},"type":"binary-expr","locations":[{"start":{"line":37,"column":6},"end":{"line":37,"column":42}},{"start":{"line":37,"column":42},"end":{"line":37,"column":76}}],"line":37}},"s":{"0":8,"1":3,"2":5,"3":6,"4":6,"5":12,"6":2,"7":10,"8":2,"9":8,"10":2,"11":6},"f":{"0":8,"1":6,"2":12},"b":{"0":[3,5],"1":[2,10],"2":[2,8],"3":[10,2],"4":[2,6],"5":[8,2]},"meta":{"lastBranch":6,"lastFunction":3,"lastStatement":12,"seen":{"f:7:16:7:Infinity":0,"b:13:2:13:Infinity:undefined:undefined:undefined:undefined":0,"s:13:2:13:Infinity":0,"s:13:18:13:Infinity":1,"s:14:2:14:Infinity":2,"f:20:16:20:Infinity":1,"s:27:24:27:Infinity":3,"s:28:2:28:Infinity":4,"f:34:16:34:34":2,"b:35:2:35:Infinity:undefined:undefined:undefined:undefined":1,"s:35:2:35:Infinity":5,"s:35:15:35:Infinity":6,"b:36:2:36:Infinity:undefined:undefined:undefined:undefined":2,"s:36:2:36:Infinity":7,"b:36:6:36:42:36:42:36:76":3,"s:36:76:36:Infinity":8,"b:37:2:37:Infinity:undefined:undefined:undefined:undefined":4,"s:37:2:37:Infinity":9,"b:37:6:37:42:37:42:37:76":5,"s:37:76:37:Infinity":10,"s:38:2:38:Infinity":11}}}
,"/Users/george/TeamBuilder/team-builder/src/lib/showdownParser.ts": {"path":"/Users/george/TeamBuilder/team-builder/src/lib/showdownParser.ts","statementMap":{"0":{"start":{"line":6,"column":39},"end":{"line":6,"column":null}},"1":{"start":{"line":8,"column":55},"end":{"line":15,"column":null}},"2":{"start":{"line":17,"column":58},"end":{"line":24,"column":null}},"3":{"start":{"line":26,"column":6},"end":{"line":27,"column":79}},"4":{"start":{"line":27,"column":2},"end":{"line":27,"column":79}},"5":{"start":{"line":27,"column":30},"end":{"line":27,"column":68}},"6":{"start":{"line":30,"column":22},"end":{"line":30,"column":60}},"7":{"start":{"line":30,"column":41},"end":{"line":30,"column":60}},"8":{"start":{"line":31,"column":2},"end":{"line":31,"column":null}},"9":{"start":{"line":31,"column":32},"end":{"line":31,"column":null}},"10":{"start":{"line":33,"column":2},"end":{"line":91,"column":null}},"11":{"start":{"line":34,"column":4},"end":{"line":34,"column":null}},"12":{"start":{"line":34,"column":23},"end":{"line":34,"column":null}},"13":{"start":{"line":35,"column":16},"end":{"line":35,"column":null}},"14":{"start":{"line":38,"column":24},"end":{"line":38,"column":58}},"15":{"start":{"line":39,"column":21},"end":{"line":39,"column":null}},"16":{"start":{"line":40,"column":4},"end":{"line":40,"column":null}},"17":{"start":{"line":43,"column":4},"end":{"line":44,"column":null}},"18":{"start":{"line":44,"column":6},"end":{"line":44,"column":null}},"19":{"start":{"line":48,"column":4},"end":{"line":49,"column":null}},"20":{"start":{"line":49,"column":6},"end":{"line":49,"column":null}},"21":{"start":{"line":53,"column":4},"end":{"line":54,"column":null}},"22":{"start":{"line":54,"column":6},"end":{"line":54,"column":null}},"23":{"start":{"line":58,"column":4},"end":{"line":59,"column":null}},"24":{"start":{"line":59,"column":6},"end":{"line":59,"column":null}},"25":{"start":{"line":63,"column":20},"end":{"line":65,"column":62}},"26":{"start":{"line":64,"column":22},"end":{"line":64,"column":41}},"27":{"start":{"line":65,"column":19},"end":{"line":65,"column":62}},"28":{"start":{"line":66,"column":4},"end":{"line":67,"column":null}},"29":{"start":{"line":67,"column":6},"end":{"line":67,"column":null}},"30":{"start":{"line":71,"column":4},"end":{"line":72,"column":null}},"31":{"start":{"line":72,"column":6},"end":{"line":72,"column":null}},"32":{"start":{"line":76,"column":20},"end":{"line":78,"column":62}},"33":{"start":{"line":77,"column":22},"end":{"line":77,"column":42}},"34":{"start":{"line":78,"column":19},"end":{"line":78,"column":62}},"35":{"start":{"line":79,"column":4},"end":{"line":80,"column":null}},"36":{"start":{"line":80,"column":6},"end":{"line":80,"column":null}},"37":{"start":{"line":84,"column":4},"end":{"line":86,"column":null}},"38":{"start":{"line":85,"column":6},"end":{"line":86,"column":null}},"39":{"start":{"line":86,"column":8},"end":{"line":86,"column":null}},"40":{"start":{"line":90,"column":4},"end":{"line":90,"column":null}},"41":{"start":{"line":95,"column":21},"end":{"line":95,"column":85}},"42":{"start":{"line":95,"column":50},"end":{"line":95,"column":58}},"43":{"start":{"line":95,"column":72},"end":{"line":95,"column":85}},"44":{"start":{"line":96,"column":38},"end":{"line":107,"column":5}},"45":{"start":{"line":96,"column":69},"end":{"line":107,"column":5}},"46":{"start":{"line":109,"column":2},"end":{"line":230,"column":null}},"47":{"start":{"line":109,"column":15},"end":{"line":109,"column":18}},"48":{"start":{"line":110,"column":18},"end":{"line":110,"column":null}},"49":{"start":{"line":111,"column":18},"end":{"line":111,"column":54}},"50":{"start":{"line":111,"column":45},"end":{"line":111,"column":53}},"51":{"start":{"line":112,"column":4},"end":{"line":112,"column":null}},"52":{"start":{"line":112,"column":28},"end":{"line":112,"column":null}},"53":{"start":{"line":115,"column":22},"end":{"line":115,"column":null}},"54":{"start":{"line":116,"column":29},"end":{"line":116,"column":null}},"55":{"start":{"line":117,"column":22},"end":{"line":117,"column":null}},"56":{"start":{"line":119,"column":4},"end":{"line":122,"column":null}},"57":{"start":{"line":120,"column":20},"end":{"line":120,"column":40}},"58":{"start":{"line":121,"column":6},"end":{"line":121,"column":null}},"59":{"start":{"line":122,"column":6},"end":{"line":122,"column":null}},"60":{"start":{"line":125,"column":25},"end":{"line":125,"column":null}},"61":{"start":{"line":127,"column":4},"end":{"line":127,"column":null}},"62":{"start":{"line":130,"column":22},"end":{"line":130,"column":78}},"63":{"start":{"line":131,"column":4},"end":{"line":132,"column":null}},"64":{"start":{"line":132,"column":8},"end":{"line":132,"column":null}},"65":{"start":{"line":135,"column":4},"end":{"line":135,"column":null}},"66":{"start":{"line":137,"column":34},"end":{"line":137,"column":81}},"67":{"start":{"line":138,"column":22},"end":{"line":138,"column":null}},"68":{"start":{"line":140,"column":4},"end":{"line":156,"column":null}},"69":{"start":{"line":142,"column":22},"end":{"line":142,"column":68}},"70":{"start":{"line":143,"column":6},"end":{"line":143,"column":null}},"71":{"start":{"line":145,"column":6},"end":{"line":156,"column":null}},"72":{"start":{"line":146,"column":8},"end":{"line":151,"column":null}},"73":{"start":{"line":147,"column":32},"end":{"line":147,"column":null}},"74":{"start":{"line":148,"column":27},"end":{"line":148,"column":64}},"75":{"start":{"line":149,"column":11},"end":{"line":149,"column":null}},"76":{"start":{"line":151,"column":11},"end":{"line":151,"column":null}},"77":{"start":{"line":155,"column":8},"end":{"line":155,"column":null}},"78":{"start":{"line":156,"column":8},"end":{"line":156,"column":null}},"79":{"start":{"line":160,"column":4},"end":{"line":168,"column":null}},"80":{"start":{"line":162,"column":6},"end":{"line":165,"column":null}},"81":{"start":{"line":163,"column":35},"end":{"line":163,"column":79}},"82":{"start":{"line":164,"column":21},"end":{"line":164,"column":61}},"83":{"start":{"line":165,"column":8},"end":{"line":165,"column":null}},"84":{"start":{"line":168,"column":6},"end":{"line":168,"column":null}},"85":{"start":{"line":171,"column":24},"end":{"line":171,"column":null}},"86":{"start":{"line":173,"column":4},"end":{"line":230,"column":null}},"87":{"start":{"line":173,"column":17},"end":{"line":173,"column":20}},"88":{"start":{"line":174,"column":19},"end":{"line":174,"column":null}},"89":{"start":{"line":176,"column":6},"end":{"line":230,"column":null}},"90":{"start":{"line":177,"column":31},"end":{"line":177,"column":89}},"91":{"start":{"line":178,"column":22},"end":{"line":178,"column":100}},"92":{"start":{"line":178,"column":60},"end":{"line":178,"column":100}},"93":{"start":{"line":179,"column":8},"end":{"line":183,"column":null}},"94":{"start":{"line":180,"column":12},"end":{"line":180,"column":null}},"95":{"start":{"line":183,"column":12},"end":{"line":183,"column":null}},"96":{"start":{"line":185,"column":17},"end":{"line":230,"column":null}},"97":{"start":{"line":186,"column":8},"end":{"line":186,"column":null}},"98":{"start":{"line":187,"column":17},"end":{"line":230,"column":null}},"99":{"start":{"line":188,"column":8},"end":{"line":188,"column":null}},"100":{"start":{"line":189,"column":17},"end":{"line":230,"column":null}},"101":{"start":{"line":190,"column":8},"end":{"line":190,"column":null}},"102":{"start":{"line":191,"column":17},"end":{"line":230,"column":null}},"103":{"start":{"line":192,"column":30},"end":{"line":192,"column":63}},"104":{"start":{"line":193,"column":25},"end":{"line":193,"column":96}},"105":{"start":{"line":193,"column":43},"end":{"line":193,"column":95}},"106":{"start":{"line":194,"column":8},"end":{"line":197,"column":null}},"107":{"start":{"line":195,"column":10},"end":{"line":195,"column":null}},"108":{"start":{"line":197,"column":10},"end":{"line":197,"column":null}},"109":{"start":{"line":199,"column":17},"end":{"line":230,"column":null}},"110":{"start":{"line":200,"column":25},"end":{"line":200,"column":50}},"111":{"start":{"line":201,"column":25},"end":{"line":201,"column":44}},"112":{"start":{"line":202,"column":8},"end":{"line":207,"column":null}},"113":{"start":{"line":203,"column":36},"end":{"line":203,"column":59}},"114":{"start":{"line":204,"column":22},"end":{"line":204,"column":42}},"115":{"start":{"line":205,"column":26},"end":{"line":205,"column":null}},"116":{"start":{"line":206,"column":10},"end":{"line":207,"column":null}},"117":{"start":{"line":207,"column":12},"end":{"line":207,"column":null}},"118":{"start":{"line":210,"column":17},"end":{"line":230,"column":null}},"119":{"start":{"line":211,"column":25},"end":{"line":211,"column":50}},"120":{"start":{"line":212,"column":25},"end":{"line":212,"column":44}},"121":{"start":{"line":213,"column":8},"end":{"line":218,"column":null}},"122":{"start":{"line":214,"column":36},"end":{"line":214,"column":59}},"123":{"start":{"line":215,"column":22},"end":{"line":215,"column":42}},"124":{"start":{"line":216,"column":26},"end":{"line":216,"column":null}},"125":{"start":{"line":217,"column":10},"end":{"line":218,"column":null}},"126":{"start":{"line":218,"column":12},"end":{"line":218,"column":null}},"127":{"start":{"line":221,"column":17},"end":{"line":230,"column":null}},"128":{"start":{"line":223,"column":28},"end":{"line":223,"column":91}},"129":{"start":{"line":224,"column":8},"end":{"line":228,"column":null}},"130":{"start":{"line":225,"column":23},"end":{"line":225,"column":56}},"131":{"start":{"line":226,"column":10},"end":{"line":226,"column":null}},"132":{"start":{"line":228,"column":10},"end":{"line":228,"column":null}},"133":{"start":{"line":230,"column":8},"end":{"line":230,"column":null}},"134":{"start":{"line":235,"column":2},"end":{"line":235,"column":null}}},"fnMap":{"0":{"name":"(anonymous_0)","decl":{"start":{"line":26,"column":6},"end":{"line":26,"column":25}},"loc":{"start":{"line":27,"column":2},"end":{"line":27,"column":79}},"line":27},"1":{"name":"(anonymous_1)","decl":{"start":{"line":27,"column":21},"end":{"line":27,"column":25}},"loc":{"start":{"line":27,"column":30},"end":{"line":27,"column":68}},"line":27},"2":{"name":"exportTeamToShowdown","decl":{"start":{"line":29,"column":16},"end":{"line":29,"column":37}},"loc":{"start":{"line":29,"column":68},"end":{"line":91,"column":null}},"line":29},"3":{"name":"(anonymous_3)","decl":{"start":{"line":30,"column":27},"end":{"line":30,"column":35}},"loc":{"start":{"line":30,"column":41},"end":{"line":30,"column":60}},"line":30},"4":{"name":"(anonymous_4)","decl":{"start":{"line":33,"column":21},"end":{"line":33,"column":25}},"loc":{"start":{"line":33,"column":33},"end":{"line":91,"column":5}},"line":33},"5":{"name":"(anonymous_5)","decl":{"start":{"line":64,"column":7},"end":{"line":64,"column":14}},"loc":{"start":{"line":64,"column":22},"end":{"line":64,"column":41}},"line":64},"6":{"name":"(anonymous_6)","decl":{"start":{"line":65,"column":7},"end":{"line":65,"column":11}},"loc":{"start":{"line":65,"column":19},"end":{"line":65,"column":62}},"line":65},"7":{"name":"(anonymous_7)","decl":{"start":{"line":77,"column":7},"end":{"line":77,"column":14}},"loc":{"start":{"line":77,"column":22},"end":{"line":77,"column":42}},"line":77},"8":{"name":"(anonymous_8)","decl":{"start":{"line":78,"column":7},"end":{"line":78,"column":11}},"loc":{"start":{"line":78,"column":19},"end":{"line":78,"column":62}},"line":78},"9":{"name":"importTeamFromShowdown","decl":{"start":{"line":94,"column":22},"end":{"line":94,"column":45}},"loc":{"start":{"line":94,"column":85},"end":{"line":235,"column":null}},"line":94},"10":{"name":"(anonymous_10)","decl":{"start":{"line":95,"column":41},"end":{"line":95,"column":45}},"loc":{"start":{"line":95,"column":50},"end":{"line":95,"column":58}},"line":95},
[...]
19}},"loc":{"start":{"line":83,"column":24},"end":{"line":86,"column":null}},"line":83},"8":{"name":"(anonymous_8)","decl":{"start":{"line":89,"column":16},"end":{"line":89,"column":24}},"loc":{"start":{"line":89,"column":32},"end":{"line":110,"column":null}},"line":89},"9":{"name":"(anonymous_9)","decl":{"start":{"line":90,"column":13},"end":{"line":90,"column":21}},"loc":{"start":{"line":90,"column":35},"end":{"line":109,"column":null}},"line":90},"10":{"name":"(anonymous_10)","decl":{"start":{"line":94,"column":34},"end":{"line":94,"column":42}},"loc":{"start":{"line":94,"column":53},"end":{"line":97,"column":null}},"line":94},"11":{"name":"(anonymous_11)","decl":{"start":{"line":112,"column":11},"end":{"line":112,"column":19}},"loc":{"start":{"line":112,"column":24},"end":{"line":115,"column":null}},"line":112},"12":{"name":"(anonymous_12)","decl":{"start":{"line":119,"column":16},"end":{"line":119,"column":24}},"loc":{"start":{"line":119,"column":32},"end":{"line":123,"column":null}},"line":119},"13":{"name":"(anonymous_13)","decl":{"start":{"line":120,"column":16},"end":{"line":120,"column":24}},"loc":{"start":{"line":120,"column":29},"end":{"line":122,"column":null}},"line":120},"14":{"name":"(anonymous_14)","decl":{"start":{"line":125,"column":11},"end":{"line":125,"column":19}},"loc":{"start":{"line":125,"column":30},"end":{"line":132,"column":null}},"line":125},"15":{"name":"(anonymous_15)","decl":{"start":{"line":127,"column":20},"end":{"line":127,"column":28}},"loc":{"start":{"line":127,"column":39},"end":{"line":130,"column":null}},"line":127},"16":{"name":"(anonymous_16)","decl":{"start":{"line":135,"column":16},"end":{"line":135,"column":24}},"loc":{"start":{"line":135,"column":32},"end":{"line":141,"column":null}},"line":135},"17":{"name":"(anonymous_17)","decl":{"start":{"line":136,"column":15},"end":{"line":136,"column":23}},"loc":{"start":{"line":136,"column":28},"end":{"line":140,"column":null}},"line":136},"18":{"name":"(anonymous_18)","decl":{"start":{"line":146,"column":16},"end":{"line":146,"column":24}},"loc":{"start":{"line":146,"column":32},"end":{"line":149,"column":null}},"line":146}},"branchMap":{"0":{"loc":{"start":{"line":14,"column":2},"end":{"line":15,"column":null}},"type":"if","locations":[{"start":{"line":14,"column":2},"end":{"line":15,"column":null}},{"start":{},"end":{}}],"line":14},"1":{"loc":{"start":{"line":26,"column":12},"end":{"line":26,"column":null}},"type":"binary-expr","locations":[{"start":{"line":26,"column":12},"end":{"line":26,"column":31}},{"start":{"line":26,"column":31},"end":{"line":26,"column":null}}],"line":26},"2":{"loc":{"start":{"line":27,"column":15},"end":{"line":27,"column":null}},"type":"binary-expr","locations":[{"start":{"line":27,"column":15},"end":{"line":27,"column":37}},{"start":{"line":27,"column":37},"end":{"line":27,"column":null}}],"line":27},"3":{"loc":{"start":{"line":76,"column":2},"end":{"line":76,"column":null}},"type":"if","locations":[{"start":{"line":76,"column":2},"end":{"line":76,"column":null}},{"start":{},"end":{}}],"line":76},"4":{"loc":{"start":{"line":76,"column":6},"end":{"line":76,"column":74}},"type":"binary-expr","locations":[{"start":{"line":76,"column":6},"end":{"line":76,"column":36}},{"start":{"line":76,"column":36},"end":{"line":76,"column":74}}],"line":76},"5":{"loc":{"start":{"line":96,"column":17},"end":{"line":96,"column":null}},"type":"cond-expr","locations":[{"start":{"line":96,"column":40},"end":{"line":96,"column":49}},{"start":{"line":96,"column":49},"end":{"line":96,"column":null}}],"line":96},"6":{"loc":{"start":{"line":100,"column":6},"end":{"line":100,"column":null}},"type":"if","locations":[{"start":{"line":100,"column":6},"end":{"line":100,"column":null}},{"start":{},"end":{}}],"line":100},"7":{"loc":{"start":{"line":100,"column":10},"end":{"line":100,"column":72}},"type":"binary-expr","locations":[{"start":{"line":100,"column":10},"end":{"line":100,"column":47}},{"start":{"line":100,"column":47},"end":{"line":100,"column":72}}],"line":100},"8":{"loc":{"start":{"line":101,"column":6},"end":{"line":101,"column":null}},"type":"if","locations":[{"start":{"line":101,"column":6},"end":{"line":101,"column":null}},{"start":{},"end":{}}],"line":101},"9":{"loc":{"start":{"line":101,"column":10},"end":{"line":101,"column":75}},"type":"binary-expr","locations":[{"start":{"line":101,"column":10},"end":{"line":101,"column":51}},{"start":{"line":101,"column":51},"end":{"line":101,"column":75}}],"line":101},"10":{"loc":{"start":{"line":102,"column":6},"end":{"line":102,"column":null}},"type":"if","locations":[{"start":{"line":102,"column":6},"end":{"line":102,"column":null}},{"start":{},"end":{}}],"line":102},"11":{"loc":{"start":{"line":102,"column":10},"end":{"line":102,"column":77}},"type":"binary-expr","locations":[{"start":{"line":102,"column":10},"end":{"line":102,"column":50}},{"start":{"line":102,"column":50},"end":{"line":102,"column":77}}],"line":102},"12":{"loc":{"start":{"line":103,"column":6},"end":{"line":103,"column":null}},"type":"if","locations":[{"start":{"line":103,"column":6},"end":{"line":103,"column":null}},{"start":{},"end":{}}],"line":103},"13":{"loc":{"start":{"line":103,"column":10},"end":{"line":103,"column":72}},"type":"binary-expr","locations":[{"start":{"line":103,"column":10},"end":{"line":103,"column":49}},{"start":{"line":103,"column":49},"end":{"line":103,"column":72}}],"line":103},"14":{"loc":{"start":{"line":104,"column":6},"end":{"line":104,"column":null}},"type":"if","locations":[{"start":{"line":104,"column":6},"end":{"line":104,"column":null}},{"start":{},"end":{}}],"line":104},"15":{"loc":{"start":{"line":104,"column":10},"end":{"line":104,"column":73}},"type":"binary-expr","locations":[{"start":{"line":104,"column":10},"end":{"line":104,"column":49}},{"start":{"line":104,"column":49},"end":{"line":104,"column":73}}],"line":104},"16":{"loc":{"start":{"line":105,"column":6},"end":{"line":105,"column":null}},"type":"if","locations":[{"start":{"line":105,"column":6},"end":{"line":105,"column":null}},{"start":{},"end":{}}],"line":105},"17":{"loc":{"start":{"line":105,"column":10},"end":{"line":105,"column":75}},"type":"binary-expr","locations":[{"start":{"line":105,"column":10},"end":{"line":105,"column":50}},{"start":{"line":105,"column":50},"end":{"line":105,"column":75}}],"line":105},"18":{"loc":{"start":{"line":107,"column":6},"end":{"line":107,"column":null}},"type":"if","locations":[{"start":{"line":107,"column":6},"end":{"line":107,"column":null}},{"start":{},"end":{}}],"line":107},"19":{"loc":{"start":{"line":108,"column":6},"end":{"line":108,"column":null}},"type":"if","locations":[{"start":{"line":108,"column":6},"end":{"line":108,"column":null}},{"start":{},"end":{}}],"line":108},"20":{"loc":{"start":{"line":113,"column":4},"end":{"line":113,"column":null}},"type":"if","locations":[{"start":{"line":113,"column":4},"end":{"line":113,"column":null}},{"start":{},"end":{}}],"line":113},"21":{"loc":{"start":{"line":114,"column":4},"end":{"line":114,"column":null}},"type":"if","locations":[{"start":{"line":114,"column":4},"end":{"line":114,"column":null}},{"start":{},"end":{}}],"line":114},"22":{"loc":{"start":{"line":121,"column":7},"end":{"line":121,"column":null}},"type":"if","locations":[{"start":{"line":121,"column":7},"end":{"line":121,"column":null}},{"start":{},"end":{}}],"line":121},"23":{"loc":{"start":{"line":121,"column":11},"end":{"line":121,"column":41}},"type":"binary-expr","locations":[{"start":{"line":121,"column":11},"end":{"line":121,"column":16}},{"start":{"line":121,"column":16},"end":{"line":121,"column":41}}],"line":121},"24":{"loc":{"start":{"line":129,"column":8},"end":{"line":129,"column":null}},"type":"if","locations":[{"start":{"line":129,"column":8},"end":{"line":129,"column":null}},{"start":{},"end":{}}],"line":129},"25":{"loc":{"start":{"line":129,"column":12},"end":{"line":129,"column":34}},"type":"binary-expr","locations":[{"start":{"line":129,"column":12},"end":{"line":129,"column":22}},{"start":{"line":129,"column":22},"end":{"line":129,"column":34}}],"line":129},"26":{"loc":{"start":{"line":131,"column":5},"end":{"line":131,"column":null}},"type":"if","locations":[{"start":{"line":131,"column":5},"end":{"line":131,"column":null}},{"start":{},"end":{}}],"line":131},"27":{"loc":{"start":{"line":137,"column":6},"end":{"line":137,"column":null}},"type":"if","locations":[{"start":{"line":137,"column":6},"end":{"line":137,"column":null}},{"start":{},"end":{}}],"line":137},"28":{"loc":{"start":{"line":138,"column":6},"end":{"line":138,"column":null}},"type":"if","locations":[{"start":{"line":138,"column":6},"end":{"line":138,"column":null}},{"start":{},"end":{}}],"line":138},"29":{"loc":{"start":{"line":139,"column":6},"end":{"line":139,"column":null}},"type":"if","locations":[{"start":{"line":139,"column":6},"end":{"line":139,"column":null}},{"start":{},"end":{}}],"line":139},"30":{"loc":{"start":{"line":152,"column":2},"end":{"line":154,"column":null}},"type":"if","locations":[{"start":{"line":152,"column":2},"end":{"line":154,"column":null}},{"start":{},"end":{}}],"line":152}},"s":{"0":2,"1":12,"2":2,"3":1,"4":1,"5":1,"6":1,"7":4,"8":0,"9":1,"10":1,"11":16,"12":16,"13":96,"14":16,"15":1,"16":15,"17":15,"18":15,"19":15,"20":270,"21":270,"22":15,"23":21,"24":378,"25":378,"26":648,"27":648,"28":378,"29":2,"30":378,"31":1,"32":378,"33":0,"34":378,"35":0,"36":378,"37":0,"38":378,"39":0,"40":378,"41":50,"42":378,"43":119,"44":15,"45":270,"46":7,"47":270,"48":172,"49":15,"50":15,"51":21,"52":84,"53":3,"54":15,"55":270,"56":270,"57":54,"58":54,"59":8,"60":270,"61":262,"62":15,"63":21,"64":84,"65":77,"66":7,"67":2,"68":7,"69":2,"70":15,"71":15,"72":15,"73":21,"74":21,"75":15,"76":15,"77":15,"78":15,"79":15},"f":{"0":2,"1":12,"2":1,"3":4,"4":0,"5":16,"6":96,"7":270,"8":21,"9":378,"10":648,"11":270,"12":21,"13":84,"14":270,"15":54,"16":21,"17":84,"18":21},"b":{"0":[1,1],"1":[1,1],"2":[1,1],"3":[1,15],"4":[16,15],"5":[648,0],"6":[2,376],"7":[378,36],"8":[1,377],"9":[378,18],"10":[0,378],"11":[378,0],"12":[0,378],"13":[378,0],"14":[0,378],"15":[378,0],"16":[0,378],"17":[378,0],"18":[50,328],"19":[119,259],"20":[7,263],"21":[172,98],"22":[3,81],"23":[84,7],"24":[8,46],"25":[54,53],"26":[262,8],"27":[77,7],"28":[2,5],"29":[2,5],"30":[15,0]},"meta":{"lastBranch":31,"lastFunction":19,"lastStatement":80,"seen":{"f:11:16:11:37":0,"s:12:24:12:66":0,"f:12:29:12:36":1,"s:12:44:12:66":1,"b:14:2:15:Infinity:undefined:undefined:undefined:undefined":0,"s:14:2:15:Infinity":2,"s:15:4:15:Infinity":3,"s:18:24:40:Infinity":4,"f:18:38:18:43":2,"s:19:14:19:Infinity":5,"s:20:26:20:78":6,"f:20:37:20:44":3,"s:20:49:20:60":7,"f:20:61:20:65":4,"s:20:70:20:78":8,"s:22:4:39:Infinity":9,"b:26:12:26:31:26:31:26:Infinity":1,"b:27:15:27:37:27:37:27:Infinity":2,"s:42:2:45:Infinity":10,"f:68:16:68:35":5,"s:69:28:73:Infinity":11,"s:75:24:75:60":12,"f:75:29:75:36":6,"s:75:41:75:60":13,"b:76:2:76:Infinity:undefined:undefined:undefined:undefined":3,"s:76:2:76:Infinity":14,"b:76:6:76:36:76:36:76:74":4,"s:76:74:76:Infinity":15,"s:78:52:78:54":16,"s:79:54:79:56":17,"s:80:19:80:42":18,"s:83:2:86:Infinity":19,"f:83:11:83:19":7,"s:84:5:84:Infinity":20,"s:85:5:85:Infinity":21,"s:89:2:110:Infinity":22,"f:89:16:89:24":8,"s:90:4:109:Infinity":23,"f:90:13:90:21":9,"s:91:17:91:Infinity":24,"s:94:6:97:Infinity":25,"f:94:34:94:42":10,"s:95:23:95:Infinity":26,"s:96:8:96:Infinity":27,"b:96:40:96:49:96:49:96:Infinity":5,"b:100:6:100:Infinity:undefined:undefined:undefined:undefined":6,"s:100:6:100:Infinity":28,"b:100:10:100:47:100:47:100:72":7,"s:100:72:100:Infinity":29,"b:101:6:101:Infinity:undefined:undefined:undefined:undefined":8,"s:101:6:101:Infinity":30,"b:101:10:101:51:101:51:101:75":9,"s:101:75:101:Infinity":31,"b:102:6:102:Infinity:undefined:undefined:undefined:undefined":10,"s:102:6:102:Infinity":32,"b:102:10:102:50:102:50:102:77":11,"s:102:77:102:Infinity":33,"b:103:6:103:Infinity:undefined:undefined:undefined:undefined":12,"s:103:6:103:Infinity":34,"b:103:10:103:49:103:49:103:72":13,"s:103:72:103:Infinity":35,"b:104:6:104:Infinity:undefined:undefined:undefined:undefined":14,"s:104:6:104:Infinity":36,"b:104:10:104:49:104:49:104:73":15,"s:104:73:104:Infinity":37,"b:105:6:105:Infinity:undefined:undefined:undefined:undefined":16,"s:105:6:105:Infinity":38,"b:105:10:105:50:105:50:105:75":17,"s:105:75:105:Infinity":39,"b:107:6:107:Infinity:undefined:undefined:undefined:undefined":18,"s:107:6:107:Infinity":40,"s:107:20:107:Infinity":41,"b:108:6:108:Infinity:undefined:undefined:undefined:undefined":19,"s:108:6:108:Infinity":42,"s:108:20:108:Infinity":43,"s:112:2:115:Infinity":44,"f:112:11:112:19":11,"b:113:4:113:Infinity:undefined:undefined:undefined:undefined":20,"s:113:4:113:Infinity":45,"s:113:35:113:Infinity":46,"b:114:4:114:Infinity:undefined:undefined:undefined:undefined":21,"s:114:4:114:Infinity":47,"s:114:38:114:Infinity":48,"s:118:25:118:42":49,"s:119:2:123:Infinity":50,"f:119:16:119:24":12,"s:120:5:122:Infinity":51,"f:120:16:120:24":13,"b:121:7:121:Infinity:undefined:undefined:undefined:undefined":22,"s:121:7:121:Infinity":52,"b:121:11:121:16:121:16:121:41":23,"s:121:41:121:Infinity":53,"s:125:2:132:Infinity":54,"f:125:11:125:19":14,"s:126:20:126:Infinity":55,"s:127:5:130:Infinity":56,"f:127:20:127:28":15,"s:128:23:128:Infinity":57,"b:129:8:129:Infinity:undefined:undefined:undefined:undefined":24,"s:129:8:129:Infinity":58,"b:129:12:129:22:129:22:129:34":25,"s:129:34:129:Infinity":59,"b:131:5:131:Infinity:undefined:undefined:undefined:undefined":26,"s:131:5:131:Infinity":60,"s:131:20:131:Infinity":61,"s:135:2:141:Infinity":62,"f:135:16:135:24":16,"s:136:4:140:Infinity":63,"f:136:15:136:23":17,"b:137:6:137:Infinity:undefined:undefined:undefined:undefined":27,"s:137:6:137:Infinity":64,"s:137:14:137:Infinity":65,"b:138:6:138:Infinity:undefined:undefined:undefined:undefined":28,"s:138:6:138:Infinity":66,"s:138:85:138:Infinity":67,"b:139:6:139:Infinity:undefined:undefined:undefined:undefined":29,"s:139:6:139:Infinity":68,"s:139:67:139:Infinity":69,"s:144:16:144:Infinity":70,"s:145:16:145:Infinity":71,"s:146:2:149:Infinity":72,"f:146:16:146:24":18,"s:147:4:147:Infinity":73,"s:148:4:148:Infinity":74,"s:150:23:150:Infinity":75,"b:152:2:154:Infinity:undefined:undefined:undefined:undefined":30,"s:152:2:154:Infinity":76,"s:153:4:153:Infinity":77,"s:154:4:154:Infinity":78,"s:157:2:157:Infinity":79}}}
,"/Users/george/TeamBuilder/team-builder/src/lib/utils.ts": {"path":"/Users/george/TeamBuilder/team-builder/src/lib/utils.ts","statementMap":{"0":{"start":{"line":5,"column":2},"end":{"line":5,"column":null}},"1":{"start":{"line":9,"column":2},"end":{"line":9,"column":null}},"2":{"start":{"line":9,"column":70},"end":{"line":9,"column":null}},"3":{"start":{"line":11,"column":21},"end":{"line":11,"column":44}},"4":{"start":{"line":12,"column":20},"end":{"line":12,"column":null}},"5":{"start":{"line":13,"column":2},"end":{"line":17,"column":null}},"6":{"start":{"line":14,"column":4},"end":{"line":14,"column":null}},"7":{"start":{"line":14,"column":37},"end":{"line":14,"column":null}},"8":{"start":{"line":15,"column":23},"end":{"line":15,"column":51}},"9":{"start":{"line":16,"column":4},"end":{"line":16,"column":null}},"10":{"start":{"line":16,"column":27},"end":{"line":16,"column":null}},"11":{"start":{"line":17,"column":4},"end":{"line":17,"column":null}},"12":{"start":{"line":19,"column":2},"end":{"line":19,"column":null}},"13":{"start":{"line":22,"column":75},"end":{"line":32,"column":null}},"14":{"start":{"line":35,"column":2},"end":{"line":35,"column":null}},"15":{"start":{"line":35,"column":21},"end":{"line":35,"column":null}},"16":{"start":{"line":37,"column":2},"end":{"line":40,"column":null}},"17":{"start":{"line":38,"column":4},"end":{"line":40,"column":null}},"18":{"start":{"line":39,"column":23},"end":{"line":39,"column":null}},"19":{"start":{"line":40,"column":6},"end":{"line":40,"column":null}},"20":{"start":{"line":40,"column":20},"end":{"line":40,"column":null}},"21":{"start":{"line":44,"column":2},"end":{"line":44,"column":null}}},"fnMap":{"0":{"name":"cn","decl":{"start":{"line":4,"column":16},"end":{"line":4,"column":19}},"loc":{"start":{"line":4,"column":44},"end":{"line":5,"column":null}},"line":4},"1":{"name":"isPokemonAllowedInGame","decl":{"start":{"line":8,"column":16},"end":{"line":8,"column":39}},"loc":{"start":{"line":8,"column":126},"end":{"line":19,"column":null}},"line":8},"2":{"name":"computeEffectiveTypes","decl":{"start":{"line":34,"column":16},"end":{"line":34,"column":38}},"loc":{"start":{"line":34,"column":122},"end":{"line":44,"column":null}},"line":34}},"branchMap":{"0":{"loc":{"start":{"line":9,"column":2},"end":{"line":9,"column":null}},"type":"if","locations":[{"start":{"line":9,"column":2},"end":{"line":9,"column":null}},{"start":{},"end":{}}],"line":9},"1":{"loc":{"start":{"line":9,"column":6},"end":{"line":9,"column":70}},"type":"binary-expr","locations":[{"start":{"line":9,"column":6},"end":{"line":9,"column":22}},{"start":{"line":9,"column":22},"end":{"line":9,"column":41}},{"start":{"line":9,"column":41},"end":{"line":9,"column":70}}],"line":9},"2":{"loc":{"start":{"line":14,"column":4},"end":{"line":14,"column":null}},"type":"if","locations":[{"start":{"line":14,"column":4},"end":{"line":14,"column":null}},{"start":{},"end":{}}],"line":14},"3":{"loc":{"start":{"line":16,"column":4},"end":{"line":16,"column":null}},"type":"if","locations":[{"start":{"line":16,"column":4},"end":{"line":16,"column":null}},{"start":{},"end":{}}],"line":16},"4":{"loc":{"start":{"line":35,"column":2},"end":{"line":35,"column":null}},"type":"if","locations":[{"start":{"line":35,"column":2},"end":{"line":35,"column":null}},{"start":{},"end":{}}],"line":35},"5":{"loc":{"start":{"line":37,"column":2},"end":{"line":40,"column":null}},"type":"if","locations":[{"start":{"line":37,"column":2},"end":{"line":40,"column":null}},{"start":{},"end":{}}],"line":37},"6":{"loc":{"start":{"line":37,"column":6},"end":{"line":37,"column":74}},"type":"binary-expr","locations":[{"start":{"line":37,"column":6},"end":{"line":37,"column":40}},{"start":{"line":37,"column":40},"end":{"line":37,"column":74}}],"line":37},"7":{"loc":{"start":{"line":38,"column":4},"end":{"line":40,"column":null}},"type":"if","locations":[{"start":{"line":38,"column":4},"end":{"line":40,"column":null}},{"start":{},"end":{}}],"line":38},"8":{"loc":{"start":{"line":40,"column":6},"end":{"line":40,"column":null}},"type":"if","locations":[{"start":{"line":40,"column":6},"end":{"line":40,"column":null}},{"start":{},"end":{}}],"line":40}},"s":{"0":0,"1":9,"2":4,"3":5,"4":5,"5":5,"6":10,"7":3,"8":7,"9":7,"10":2,"11":5,"12":2,"13":3,"14":984,"15":1,"16":983,"17":26,"18":24,"19":24,"20":23,"21":960},"f":{"0":0,"1":9,"2":984},"b":{"0":[4,5],"1":[9,7,6],"2":[3,7],"3":[2,5],"4":[1,983],"5":[26,957],"6":[983,960],"7":[24,2],"8":[23,1]},"meta":{"lastBranch":9,"lastFunction":3,"lastStatement":22,"seen":{"f:4:16:4:19":0,"s:5:2:5:Infinity":0,"f:8:16:8:39":1,"b:9:2:9:Infinity:undefined:undefined:undefined:undefined":0,"s:9:2:9:Infinity":1,"b:9:6:9:22:9:22:9:41:9:41:9:70":1,"s:9:70:9:Infinity":2,"s:11:21:11:44":3,"s:12:20:12:Infinity":4,"s:13:2:17:Infinity":5,"b:14:4:14:Infinity:undefined:undefined:undefined:undefined":2,"s:14:4:14:Infinity":6,"s:14:37:14:Infinity":7,"s:15:23:15:51":8,"b:16:4:16:Infinity:undefined:undefined:undefined:undefined":3,"s:16:4:16:Infinity":9,"s:16:27:16:Infinity":10,"s:17:4:17:Infinity":11,"s:19:2:19:Infinity":12,"s:22:75:32:Infinity":13,"f:34:16:34:38":2,"b:35:2:35:Infinity:undefined:undefined:undefined:undefined":4,"s:35:2:35:Infinity":14,"s:35:21:35:Infinity":15,"b:37:2:40:Infinity:undefined:undefined:undefined:undefined":5,"s:37:2:40:Infinity":16,"b:37:6:37:40:37:40:37:74":6,"b:38:4:40:Infinity:undefined:undefined:undefined:undefined":7,"s:38:4:40:Infinity":17,"s:39:23:39:Infinity":18,"b:40:6:40:Infinity:undefined:undefined:undefined:undefined":8,"s:40:6:40:Infinity":19,"s:40:20:40:Infinity":20,"s:44:2:44:Infinity":21}}}
}
